[2015/5/15 - 11:25:17] Co gang de tao DV Slot ID 0
[2015/5/15 - 11:25:17] Pha huy xe ID 0 trong DV Slot 0
[2015/5/15 - 11:25:17] Khong hop le Vehicle Model ID cho DV Slot 0
[2015/5/15 - 11:25:17] Co gang de tao DV Slot ID 1
[2015/5/15 - 11:25:17] Xe ID 269 tao ra trong DV Slot 1
[2015/5/15 - 11:25:17] Co gang de tao DV Slot ID 2
[2015/5/15 - 11:25:17] Xe ID 270 tao ra trong DV Slot 2
[2015/5/15 - 11:25:17] Co gang de tao DV Slot ID 3
[2015/5/15 - 11:25:17] Xe ID 271 tao ra trong DV Slot 3
[2015/5/15 - 11:25:17] Co gang de tao DV Slot ID 4
[2015/5/15 - 11:25:17] Xe ID 272 tao ra trong DV Slot 4
[2015/5/15 - 11:25:17] Co gang de tao DV Slot ID 5
[2015/5/15 - 11:25:17] Co gang de tao DV Slot ID 6
[2015/5/15 - 11:25:17] Co gang de tao DV Slot ID 7
[2015/5/15 - 11:25:17] Co gang de tao DV Slot ID 8
[2015/5/15 - 11:25:17] Co gang de tao DV Slot ID 9
[2015/5/15 - 11:25:17] Co gang de tao DV Slot ID 10
[2015/5/15 - 11:25:17] Xe ID 273 tao ra trong DV Slot 10
[2015/5/15 - 11:25:17] Co gang de tao DV Slot ID 11
[2015/5/15 - 11:25:17] Xe ID 274 tao ra trong DV Slot 11
[2015/5/15 - 11:25:17] Co gang de tao DV Slot ID 12
[2015/5/15 - 11:25:17] Co gang de tao DV Slot ID 13
[2015/5/15 - 11:25:17] Xe ID 275 tao ra trong DV Slot 13
[2015/5/15 - 11:25:17] Co gang de tao DV Slot ID 14
[2015/5/15 - 11:25:17] Xe ID 276 tao ra trong DV Slot 14
[2015/5/15 - 11:25:17] Co gang de tao DV Slot ID 15
[2015/5/15 - 11:25:17] Co gang de tao DV Slot ID 16
[2015/5/15 - 11:25:17] Co gang de tao DV Slot ID 17
[2015/5/15 - 11:25:17] Khong hop le Vehicle Model ID cho DV Slot 17
[2015/5/15 - 11:25:17] Co gang de tao DV Slot ID 18
[2015/5/15 - 11:25:17] Co gang de tao DV Slot ID 19
[2015/5/15 - 11:25:17] Co gang de tao DV Slot ID 20
[2015/5/15 - 11:25:17] Xe ID 277 tao ra trong DV Slot 20
[2015/5/15 - 11:25:17] Co gang de tao DV Slot ID 21
[2015/5/15 - 11:25:17] Xe ID 278 tao ra trong DV Slot 21
[2015/5/15 - 11:25:17] Co gang de tao DV Slot ID 22
[2015/5/15 - 11:25:17] Xe ID 279 tao ra trong DV Slot 22
[2015/5/15 - 11:25:17] Co gang de tao DV Slot ID 23
[2015/5/15 - 11:25:17] Khong hop le Vehicle Model ID cho DV Slot 23
[2015/5/15 - 11:25:17] Co gang de tao DV Slot ID 24
[2015/5/15 - 11:25:17] Khong hop le Vehicle Model ID cho DV Slot 24
[2015/5/15 - 11:25:17] Co gang de tao DV Slot ID 25
[2015/5/15 - 11:25:17] Co gang de tao DV Slot ID 26
[2015/5/15 - 11:25:17] Khong hop le Vehicle Model ID cho DV Slot 26
[2015/5/15 - 11:25:17] Co gang de tao DV Slot ID 27
[2015/5/15 - 11:25:17] Co gang de tao DV Slot ID 28
[2015/5/15 - 11:25:17] Co gang de tao DV Slot ID 29
[2015/5/15 - 11:25:17] Khong hop le Vehicle Model ID cho DV Slot 29
[2015/5/15 - 11:25:17] Co gang de tao DV Slot ID 30
[2015/5/15 - 11:25:17] Xe ID 280 tao ra trong DV Slot 30
[2015/5/15 - 11:25:17] Co gang de tao DV Slot ID 31
[2015/5/15 - 11:25:17] Co gang de tao DV Slot ID 32
[2015/5/15 - 11:25:17] Co gang de tao DV Slot ID 33
[2015/5/15 - 11:25:17] Xe ID 281 tao ra trong DV Slot 33
[2015/5/15 - 11:25:17] Co gang de tao DV Slot ID 34
[2015/5/15 - 11:25:17] Co gang de tao DV Slot ID 35
[2015/5/15 - 11:25:17] Xe ID 282 tao ra trong DV Slot 35
[2015/5/15 - 11:25:17] Co gang de tao DV Slot ID 36
[2015/5/15 - 11:25:17] Xe ID 283 tao ra trong DV Slot 36
[2015/5/15 - 11:25:17] Co gang de tao DV Slot ID 37
[2015/5/15 - 11:25:17] Co gang de tao DV Slot ID 38
[2015/5/15 - 11:25:17] Co gang de tao DV Slot ID 39
[2015/5/15 - 11:25:17] Xe ID 284 tao ra trong DV Slot 39
[2015/5/15 - 11:25:17] Co gang de tao DV Slot ID 40
[2015/5/15 - 11:25:17] Xe ID 285 tao ra trong DV Slot 40
[2015/5/15 - 11:25:17] Co gang de tao DV Slot ID 41
[2015/5/15 - 11:25:17] Co gang de tao DV Slot ID 42
[2015/5/15 - 11:25:17] Co gang de tao DV Slot ID 43
[2015/5/15 - 11:25:17] Xe ID 286 tao ra trong DV Slot 43
[2015/5/15 - 11:25:17] Co gang de tao DV Slot ID 44
[2015/5/15 - 11:25:17] Co gang de tao DV Slot ID 45
[2015/5/15 - 11:25:17] Co gang de tao DV Slot ID 46
[2015/5/15 - 11:25:17] Co gang de tao DV Slot ID 47
[2015/5/15 - 11:25:17] Co gang de tao DV Slot ID 48
[2015/5/15 - 11:25:17] Xe ID 287 tao ra trong DV Slot 48
[2015/5/15 - 11:25:17] Co gang de tao DV Slot ID 49
[2015/5/15 - 11:25:17] Co gang de tao DV Slot ID 50
[2015/5/15 - 11:25:17] Xe ID 288 tao ra trong DV Slot 50
[2015/5/15 - 11:25:17] Co gang de tao DV Slot ID 51
[2015/5/15 - 11:25:17] Co gang de tao DV Slot ID 52
[2015/5/15 - 11:25:17] Co gang de tao DV Slot ID 53
[2015/5/15 - 11:25:17] Xe ID 289 tao ra trong DV Slot 53
[2015/5/15 - 11:25:17] Co gang de tao DV Slot ID 54
[2015/5/15 - 11:25:17] Co gang de tao DV Slot ID 55
[2015/5/15 - 11:25:17] Co gang de tao DV Slot ID 56
[2015/5/15 - 11:25:17] Co gang de tao DV Slot ID 57
[2015/5/15 - 11:25:17] Co gang de tao DV Slot ID 58
[2015/5/15 - 11:25:17] Co gang de tao DV Slot ID 59
[2015/5/15 - 11:25:17] Co gang de tao DV Slot ID 60
[2015/5/15 - 11:25:17] Co gang de tao DV Slot ID 61
[2015/5/15 - 11:25:17] Co gang de tao DV Slot ID 62
[2015/5/15 - 11:25:17] Co gang de tao DV Slot ID 63
[2015/5/15 - 11:25:17] Co gang de tao DV Slot ID 64
[2015/5/15 - 11:25:17] Xe ID 290 tao ra trong DV Slot 64
[2015/5/15 - 11:25:17] Co gang de tao DV Slot ID 65
[2015/5/15 - 11:25:17] Co gang de tao DV Slot ID 66
[2015/5/15 - 11:25:17] Co gang de tao DV Slot ID 67
[2015/5/15 - 11:25:17] Xe ID 291 tao ra trong DV Slot 67
[2015/5/15 - 11:25:17] Co gang de tao DV Slot ID 68
[2015/5/15 - 11:25:17] Co gang de tao DV Slot ID 69
[2015/5/15 - 11:25:17] Co gang de tao DV Slot ID 70
[2015/5/15 - 11:25:17] Co gang de tao DV Slot ID 71
[2015/5/15 - 11:25:17] Co gang de tao DV Slot ID 72
[2015/5/15 - 11:25:17] Co gang de tao DV Slot ID 73
[2015/5/15 - 11:25:17] Co gang de tao DV Slot ID 74
[2015/5/15 - 11:25:17] Xe ID 292 tao ra trong DV Slot 74
[2015/5/15 - 11:25:17] Co gang de tao DV Slot ID 75
[2015/5/15 - 11:25:17] Co gang de tao DV Slot ID 76
[2015/5/15 - 11:25:17] Co gang de tao DV Slot ID 77
[2015/5/15 - 11:25:17] Co gang de tao DV Slot ID 78
[2015/5/15 - 11:25:17] Co gang de tao DV Slot ID 79
[2015/5/15 - 11:25:17] Co gang de tao DV Slot ID 80
[2015/5/15 - 11:25:17] Co gang de tao DV Slot ID 81
[2015/5/15 - 11:25:17] Co gang de tao DV Slot ID 82
[2015/5/15 - 11:25:17] Co gang de tao DV Slot ID 83
[2015/5/15 - 11:25:17] Co gang de tao DV Slot ID 84
[2015/5/15 - 11:25:17] Co gang de tao DV Slot ID 85
[2015/5/15 - 11:25:17] Co gang de tao DV Slot ID 86
[2015/5/15 - 11:25:17] Co gang de tao DV Slot ID 87
[2015/5/15 - 11:25:17] Xe ID 293 tao ra trong DV Slot 87
[2015/5/15 - 11:25:17] Co gang de tao DV Slot ID 88
[2015/5/15 - 11:25:17] Co gang de tao DV Slot ID 89
[2015/5/15 - 11:25:17] Co gang de tao DV Slot ID 90
[2015/5/15 - 11:25:17] Co gang de tao DV Slot ID 91
[2015/5/15 - 11:25:17] Co gang de tao DV Slot ID 92
[2015/5/15 - 11:25:17] Co gang de tao DV Slot ID 93
[2015/5/15 - 11:25:17] Co gang de tao DV Slot ID 94
[2015/5/15 - 11:25:17] Co gang de tao DV Slot ID 95
[2015/5/15 - 11:25:17] Xe ID 294 tao ra trong DV Slot 95
[2015/5/15 - 11:25:17] Co gang de tao DV Slot ID 96
[2015/5/15 - 11:25:17] Xe ID 295 tao ra trong DV Slot 96
[2015/5/15 - 11:25:17] Co gang de tao DV Slot ID 97
[2015/5/15 - 11:25:17] Xe ID 296 tao ra trong DV Slot 97
[2015/5/15 - 11:25:17] Co gang de tao DV Slot ID 98
[2015/5/15 - 11:25:17] Xe ID 297 tao ra trong DV Slot 98
[2015/5/15 - 11:25:17] Co gang de tao DV Slot ID 99
[2015/5/15 - 11:25:17] Co gang de tao DV Slot ID 100
[2015/5/15 - 11:25:17] Co gang de tao DV Slot ID 101
[2015/5/15 - 11:25:17] Co gang de tao DV Slot ID 102
[2015/5/15 - 11:25:17] Co gang de tao DV Slot ID 103
[2015/5/15 - 11:25:17] Co gang de tao DV Slot ID 104
[2015/5/15 - 11:25:17] Co gang de tao DV Slot ID 105
[2015/5/15 - 11:25:17] Co gang de tao DV Slot ID 106
[2015/5/15 - 11:25:17] Co gang de tao DV Slot ID 107
[2015/5/15 - 11:25:17] Co gang de tao DV Slot ID 108
[2015/5/15 - 11:25:17] Co gang de tao DV Slot ID 109
[2015/5/15 - 11:25:17] Xe ID 298 tao ra trong DV Slot 109
[2015/5/15 - 11:25:17] Co gang de tao DV Slot ID 110
[2015/5/15 - 11:25:17] Xe ID 299 tao ra trong DV Slot 110
[2015/5/15 - 11:25:17] Co gang de tao DV Slot ID 111
[2015/5/15 - 11:25:17] Co gang de tao DV Slot ID 112
[2015/5/15 - 11:25:17] Co gang de tao DV Slot ID 113
[2015/5/15 - 11:25:17] Xe ID 300 tao ra trong DV Slot 113
[2015/5/15 - 11:25:17] Co gang de tao DV Slot ID 114
[2015/5/15 - 11:25:17] Co gang de tao DV Slot ID 115
[2015/5/15 - 11:25:17] Co gang de tao DV Slot ID 116
[2015/5/15 - 11:25:17] Co gang de tao DV Slot ID 117
[2015/5/15 - 11:25:17] Co gang de tao DV Slot ID 118
[2015/5/15 - 11:25:17] Xe ID 301 tao ra trong DV Slot 118
[2015/5/15 - 11:25:17] Co gang de tao DV Slot ID 119
[2015/5/15 - 11:25:17] Co gang de tao DV Slot ID 120
[2015/5/15 - 11:25:17] Khong hop le Vehicle Model ID cho DV Slot 120
[2015/5/15 - 11:25:17] Co gang de tao DV Slot ID 121
[2015/5/15 - 11:25:17] Xe ID 302 tao ra trong DV Slot 121
[2015/5/15 - 11:25:17] Co gang de tao DV Slot ID 122
[2015/5/15 - 11:25:17] Co gang de tao DV Slot ID 123
[2015/5/15 - 11:25:17] Xe ID 303 tao ra trong DV Slot 123
[2015/5/15 - 11:25:17] Co gang de tao DV Slot ID 124
[2015/5/15 - 11:25:17] Co gang de tao DV Slot ID 125
[2015/5/15 - 11:25:17] Co gang de tao DV Slot ID 126
[2015/5/15 - 11:25:17] Co gang de tao DV Slot ID 127
[2015/5/15 - 11:25:17] Co gang de tao DV Slot ID 128
[2015/5/15 - 11:25:17] Co gang de tao DV Slot ID 129
[2015/5/15 - 11:25:17] Co gang de tao DV Slot ID 130
[2015/5/15 - 11:25:17] Co gang de tao DV Slot ID 131
[2015/5/15 - 11:25:17] Co gang de tao DV Slot ID 132
[2015/5/15 - 11:25:17] Co gang de tao DV Slot ID 133
[2015/5/15 - 11:25:17] Xe ID 304 tao ra trong DV Slot 133
[2015/5/15 - 11:25:17] Co gang de tao DV Slot ID 134
[2015/5/15 - 11:25:17] Xe ID 305 tao ra trong DV Slot 134
[2015/5/15 - 11:25:17] Co gang de tao DV Slot ID 135
[2015/5/15 - 11:25:17] Khong hop le Vehicle Model ID cho DV Slot 135
[2015/5/15 - 11:25:17] Co gang de tao DV Slot ID 136
[2015/5/15 - 11:25:17] Co gang de tao DV Slot ID 137
[2015/5/15 - 11:25:17] Xe ID 306 tao ra trong DV Slot 137
[2015/5/15 - 11:25:17] Co gang de tao DV Slot ID 138
[2015/5/15 - 11:25:17] Xe ID 307 tao ra trong DV Slot 138
[2015/5/15 - 11:25:17] Co gang de tao DV Slot ID 139
[2015/5/15 - 11:25:17] Co gang de tao DV Slot ID 140
[2015/5/15 - 11:25:17] Xe ID 308 tao ra trong DV Slot 140
[2015/5/15 - 11:25:17] Co gang de tao DV Slot ID 141
[2015/5/15 - 11:25:17] Co gang de tao DV Slot ID 142
[2015/5/15 - 11:25:17] Co gang de tao DV Slot ID 143
[2015/5/15 - 11:25:17] Co gang de tao DV Slot ID 144
[2015/5/15 - 11:25:17] Xe ID 309 tao ra trong DV Slot 144
[2015/5/15 - 11:25:17] Co gang de tao DV Slot ID 145
[2015/5/15 - 11:25:17] Xe ID 310 tao ra trong DV Slot 145
[2015/5/15 - 11:25:17] Co gang de tao DV Slot ID 146
[2015/5/15 - 11:25:17] Co gang de tao DV Slot ID 147
[2015/5/15 - 11:25:17] Xe ID 311 tao ra trong DV Slot 147
[2015/5/15 - 11:25:17] Co gang de tao DV Slot ID 148
[2015/5/15 - 11:25:17] Co gang de tao DV Slot ID 149
[2015/5/15 - 11:25:17] Co gang de tao DV Slot ID 150
[2015/5/15 - 11:25:17] Xe ID 312 tao ra trong DV Slot 150
[2015/5/15 - 11:25:17] Co gang de tao DV Slot ID 151
[2015/5/15 - 11:25:17] Xe ID 313 tao ra trong DV Slot 151
[2015/5/15 - 11:25:17] Co gang de tao DV Slot ID 152
[2015/5/15 - 11:25:17] Co gang de tao DV Slot ID 153
[2015/5/15 - 11:25:17] Co gang de tao DV Slot ID 154
[2015/5/15 - 11:25:17] Co gang de tao DV Slot ID 155
[2015/5/15 - 11:25:17] Co gang de tao DV Slot ID 156
[2015/5/15 - 11:25:17] Co gang de tao DV Slot ID 157
[2015/5/15 - 11:25:17] Co gang de tao DV Slot ID 158
[2015/5/15 - 11:25:17] Co gang de tao DV Slot ID 159
[2015/5/15 - 11:25:17] Xe ID 314 tao ra trong DV Slot 159
[2015/5/15 - 11:25:17] Co gang de tao DV Slot ID 160
[2015/5/15 - 11:25:17] Xe ID 315 tao ra trong DV Slot 160
[2015/5/15 - 11:25:17] Co gang de tao DV Slot ID 161
[2015/5/15 - 11:25:17] Co gang de tao DV Slot ID 162
[2015/5/15 - 11:25:17] Xe ID 316 tao ra trong DV Slot 162
[2015/5/15 - 11:25:17] Co gang de tao DV Slot ID 163
[2015/5/15 - 11:25:17] Khong hop le Vehicle Model ID cho DV Slot 163
[2015/5/15 - 11:25:17] Co gang de tao DV Slot ID 164
[2015/5/15 - 11:25:17] Xe ID 317 tao ra trong DV Slot 164
[2015/5/15 - 11:25:17] Co gang de tao DV Slot ID 165
[2015/5/15 - 11:25:17] Co gang de tao DV Slot ID 166
[2015/5/15 - 11:25:17] Khong hop le Vehicle Model ID cho DV Slot 166
[2015/5/15 - 11:25:17] Co gang de tao DV Slot ID 167
[2015/5/15 - 11:25:17] Co gang de tao DV Slot ID 168
[2015/5/15 - 11:25:17] Xe ID 318 tao ra trong DV Slot 168
[2015/5/15 - 11:25:17] Co gang de tao DV Slot ID 169
[2015/5/15 - 11:25:17] Co gang de tao DV Slot ID 170
[2015/5/15 - 11:25:17] Xe ID 319 tao ra trong DV Slot 170
[2015/5/15 - 11:25:17] Co gang de tao DV Slot ID 171
[2015/5/15 - 11:25:17] Xe ID 320 tao ra trong DV Slot 171
[2015/5/15 - 11:25:17] Co gang de tao DV Slot ID 172
[2015/5/15 - 11:25:17] Xe ID 321 tao ra trong DV Slot 172
[2015/5/15 - 11:25:17] Co gang de tao DV Slot ID 173
[2015/5/15 - 11:25:17] Co gang de tao DV Slot ID 174
[2015/5/15 - 11:25:17] Co gang de tao DV Slot ID 175
[2015/5/15 - 11:25:17] Xe ID 322 tao ra trong DV Slot 175
[2015/5/15 - 11:25:17] Co gang de tao DV Slot ID 176
[2015/5/15 - 11:25:17] Xe ID 323 tao ra trong DV Slot 176
[2015/5/15 - 11:25:17] Co gang de tao DV Slot ID 177
[2015/5/15 - 11:25:17] Xe ID 324 tao ra trong DV Slot 177
[2015/5/15 - 11:25:17] Co gang de tao DV Slot ID 178
[2015/5/15 - 11:25:17] Xe ID 325 tao ra trong DV Slot 178
[2015/5/15 - 11:25:17] Co gang de tao DV Slot ID 179
[2015/5/15 - 11:25:17] Co gang de tao DV Slot ID 180
[2015/5/15 - 11:25:17] Xe ID 326 tao ra trong DV Slot 180
[2015/5/15 - 11:25:17] Co gang de tao DV Slot ID 181
[2015/5/15 - 11:25:17] Co gang de tao DV Slot ID 182
[2015/5/15 - 11:25:17] Co gang de tao DV Slot ID 183
[2015/5/15 - 11:25:17] Xe ID 327 tao ra trong DV Slot 183
[2015/5/15 - 11:25:17] Co gang de tao DV Slot ID 184
[2015/5/15 - 11:25:17] Co gang de tao DV Slot ID 185
[2015/5/15 - 11:25:17] Xe ID 328 tao ra trong DV Slot 185
[2015/5/15 - 11:25:17] Co gang de tao DV Slot ID 186
[2015/5/15 - 11:25:17] Xe ID 329 tao ra trong DV Slot 186
[2015/5/15 - 11:25:17] Co gang de tao DV Slot ID 187
[2015/5/15 - 11:25:17] Xe ID 330 tao ra trong DV Slot 187
[2015/5/15 - 11:25:17] Co gang de tao DV Slot ID 188
[2015/5/15 - 11:25:17] Xe ID 331 tao ra trong DV Slot 188
[2015/5/15 - 11:25:17] Co gang de tao DV Slot ID 189
[2015/5/15 - 11:25:17] Xe ID 332 tao ra trong DV Slot 189
[2015/5/15 - 11:25:17] Co gang de tao DV Slot ID 190
[2015/5/15 - 11:25:17] Xe ID 333 tao ra trong DV Slot 190
[2015/5/15 - 11:25:17] Co gang de tao DV Slot ID 191
[2015/5/15 - 11:25:17] Xe ID 334 tao ra trong DV Slot 191
[2015/5/15 - 11:25:17] Co gang de tao DV Slot ID 192
[2015/5/15 - 11:25:17] Xe ID 335 tao ra trong DV Slot 192
[2015/5/15 - 11:25:17] Co gang de tao DV Slot ID 193
[2015/5/15 - 11:25:17] Co gang de tao DV Slot ID 194
[2015/5/15 - 11:25:17] Co gang de tao DV Slot ID 195
[2015/5/15 - 11:25:17] Xe ID 336 tao ra trong DV Slot 195
[2015/5/15 - 11:25:17] Co gang de tao DV Slot ID 196
[2015/5/15 - 11:25:17] Xe ID 337 tao ra trong DV Slot 196
[2015/5/15 - 11:25:17] Co gang de tao DV Slot ID 197
[2015/5/15 - 11:25:17] Xe ID 338 tao ra trong DV Slot 197
[2015/5/15 - 11:25:17] Co gang de tao DV Slot ID 198
[2015/5/15 - 11:25:17] Co gang de tao DV Slot ID 199
[2015/5/15 - 11:25:17] Xe ID 339 tao ra trong DV Slot 199
[2015/5/15 - 11:25:17] Co gang de tao DV Slot ID 200
[2015/5/15 - 11:25:17] Xe ID 340 tao ra trong DV Slot 200
[2015/5/15 - 11:25:17] Co gang de tao DV Slot ID 201
[2015/5/15 - 11:25:17] Xe ID 341 tao ra trong DV Slot 201
[2015/5/15 - 11:25:17] Co gang de tao DV Slot ID 202
[2015/5/15 - 11:25:17] Xe ID 342 tao ra trong DV Slot 202
[2015/5/15 - 11:25:17] Co gang de tao DV Slot ID 203
[2015/5/15 - 11:25:17] Khong hop le Vehicle Model ID cho DV Slot 203
[2015/5/15 - 11:25:17] Co gang de tao DV Slot ID 204
[2015/5/15 - 11:25:17] Xe ID 343 tao ra trong DV Slot 204
[2015/5/15 - 11:25:17] Co gang de tao DV Slot ID 205
[2015/5/15 - 11:25:17] Xe ID 344 tao ra trong DV Slot 205
[2015/5/15 - 11:25:17] Co gang de tao DV Slot ID 206
[2015/5/15 - 11:25:17] Co gang de tao DV Slot ID 207
[2015/5/15 - 11:25:17] Co gang de tao DV Slot ID 208
[2015/5/15 - 11:25:17] Co gang de tao DV Slot ID 209
[2015/5/15 - 11:25:17] Khong hop le Vehicle Model ID cho DV Slot 209
[2015/5/15 - 11:25:17] Co gang de tao DV Slot ID 210
[2015/5/15 - 11:25:17] Co gang de tao DV Slot ID 211
[2015/5/15 - 11:25:17] Co gang de tao DV Slot ID 212
[2015/5/15 - 11:25:17] Co gang de tao DV Slot ID 213
[2015/5/15 - 11:25:17] Co gang de tao DV Slot ID 214
[2015/5/15 - 11:25:17] Xe ID 345 tao ra trong DV Slot 214
[2015/5/15 - 11:25:17] Co gang de tao DV Slot ID 215
[2015/5/15 - 11:25:17] Co gang de tao DV Slot ID 216
[2015/5/15 - 11:25:17] Co gang de tao DV Slot ID 217
[2015/5/15 - 11:25:17] Co gang de tao DV Slot ID 218
[2015/5/15 - 11:25:17] Co gang de tao DV Slot ID 219
[2015/5/15 - 11:25:17] Xe ID 346 tao ra trong DV Slot 219
[2015/5/15 - 11:25:17] Co gang de tao DV Slot ID 220
[2015/5/15 - 11:25:17] Co gang de tao DV Slot ID 221
[2015/5/15 - 11:25:17] Co gang de tao DV Slot ID 222
[2015/5/15 - 11:25:17] Xe ID 347 tao ra trong DV Slot 222
[2015/5/15 - 11:25:17] Co gang de tao DV Slot ID 223
[2015/5/15 - 11:25:17] Co gang de tao DV Slot ID 224
[2015/5/15 - 11:25:17] Xe ID 348 tao ra trong DV Slot 224
[2015/5/15 - 11:25:17] Co gang de tao DV Slot ID 225
[2015/5/15 - 11:25:17] Co gang de tao DV Slot ID 226
[2015/5/15 - 11:25:17] Xe ID 349 tao ra trong DV Slot 226
[2015/5/15 - 11:25:17] Co gang de tao DV Slot ID 227
[2015/5/15 - 11:25:17] Xe ID 350 tao ra trong DV Slot 227
[2015/5/15 - 11:25:17] Co gang de tao DV Slot ID 228
[2015/5/15 - 11:25:17] Co gang de tao DV Slot ID 229
[2015/5/15 - 11:25:17] Xe ID 351 tao ra trong DV Slot 229
[2015/5/15 - 11:25:17] Co gang de tao DV Slot ID 230
[2015/5/15 - 11:25:17] Co gang de tao DV Slot ID 231
[2015/5/15 - 11:25:17] Co gang de tao DV Slot ID 232
[2015/5/15 - 11:25:17] Co gang de tao DV Slot ID 233
[2015/5/15 - 11:25:17] Co gang de tao DV Slot ID 234
[2015/5/15 - 11:25:17] Co gang de tao DV Slot ID 235
[2015/5/15 - 11:25:17] Co gang de tao DV Slot ID 236
[2015/5/15 - 11:25:17] Xe ID 352 tao ra trong DV Slot 236
[2015/5/15 - 11:25:17] Co gang de tao DV Slot ID 237
[2015/5/15 - 11:25:17] Xe ID 353 tao ra trong DV Slot 237
[2015/5/15 - 11:25:17] Co gang de tao DV Slot ID 238
[2015/5/15 - 11:25:17] Xe ID 354 tao ra trong DV Slot 238
[2015/5/15 - 11:25:17] Co gang de tao DV Slot ID 239
[2015/5/15 - 11:25:17] Co gang de tao DV Slot ID 240
[2015/5/15 - 11:25:17] Co gang de tao DV Slot ID 241
[2015/5/15 - 11:25:17] Co gang de tao DV Slot ID 242
[2015/5/15 - 11:25:17] Co gang de tao DV Slot ID 243
[2015/5/15 - 11:25:17] Co gang de tao DV Slot ID 244
[2015/5/15 - 11:25:17] Co gang de tao DV Slot ID 245
[2015/5/15 - 11:25:17] Co gang de tao DV Slot ID 246
[2015/5/15 - 11:25:17] Co gang de tao DV Slot ID 247
[2015/5/15 - 11:25:17] Co gang de tao DV Slot ID 248
[2015/5/15 - 11:25:17] Co gang de tao DV Slot ID 249
[2015/5/15 - 11:25:17] Co gang de tao DV Slot ID 250
[2015/5/15 - 11:25:17] Co gang de tao DV Slot ID 251
[2015/5/15 - 11:25:17] Co gang de tao DV Slot ID 252
[2015/5/15 - 11:25:17] Co gang de tao DV Slot ID 253
[2015/5/15 - 11:25:17] Co gang de tao DV Slot ID 254
[2015/5/15 - 11:25:17] Xe ID 355 tao ra trong DV Slot 254
[2015/5/15 - 11:25:17] Co gang de tao DV Slot ID 255
[2015/5/15 - 11:25:17] Co gang de tao DV Slot ID 256
[2015/5/15 - 11:25:17] Xe ID 356 tao ra trong DV Slot 256
[2015/5/15 - 11:25:17] Co gang de tao DV Slot ID 257
[2015/5/15 - 11:25:17] Co gang de tao DV Slot ID 258
[2015/5/15 - 11:25:17] Co gang de tao DV Slot ID 259
[2015/5/15 - 11:25:17] Xe ID 357 tao ra trong DV Slot 259
[2015/5/15 - 11:25:17] Co gang de tao DV Slot ID 260
[2015/5/15 - 11:25:17] Co gang de tao DV Slot ID 261
[2015/5/15 - 11:25:17] Co gang de tao DV Slot ID 262
[2015/5/15 - 11:25:17] Xe ID 358 tao ra trong DV Slot 262
[2015/5/15 - 11:25:17] Co gang de tao DV Slot ID 263
[2015/5/15 - 11:25:17] Xe ID 359 tao ra trong DV Slot 263
[2015/5/15 - 11:25:17] Co gang de tao DV Slot ID 264
[2015/5/15 - 11:25:17] Xe ID 360 tao ra trong DV Slot 264
[2015/5/15 - 11:25:17] Co gang de tao DV Slot ID 265
[2015/5/15 - 11:25:17] Xe ID 361 tao ra trong DV Slot 265
[2015/5/15 - 11:25:17] Co gang de tao DV Slot ID 266
[2015/5/15 - 11:25:17] Xe ID 362 tao ra trong DV Slot 266
[2015/5/15 - 11:25:17] Co gang de tao DV Slot ID 267
[2015/5/15 - 11:25:17] Co gang de tao DV Slot ID 268
[2015/5/15 - 11:25:17] Co gang de tao DV Slot ID 269
[2015/5/15 - 11:25:17] Co gang de tao DV Slot ID 270
[2015/5/15 - 11:25:17] Co gang de tao DV Slot ID 271
[2015/5/15 - 11:25:17] Xe ID 363 tao ra trong DV Slot 271
[2015/5/15 - 11:25:17] Co gang de tao DV Slot ID 272
[2015/5/15 - 11:25:17] Co gang de tao DV Slot ID 273
[2015/5/15 - 11:25:17] Co gang de tao DV Slot ID 274
[2015/5/15 - 11:25:17] Co gang de tao DV Slot ID 275
[2015/5/15 - 11:25:17] Xe ID 364 tao ra trong DV Slot 275
[2015/5/15 - 11:25:17] Co gang de tao DV Slot ID 276
[2015/5/15 - 11:25:17] Khong hop le Vehicle Model ID cho DV Slot 276
[2015/5/15 - 11:25:17] Co gang de tao DV Slot ID 277
[2015/5/15 - 11:25:17] Xe ID 365 tao ra trong DV Slot 277
[2015/5/15 - 11:25:17] Co gang de tao DV Slot ID 278
[2015/5/15 - 11:25:17] Xe ID 366 tao ra trong DV Slot 278
[2015/5/15 - 11:25:17] Co gang de tao DV Slot ID 279
[2015/5/15 - 11:25:17] Xe ID 367 tao ra trong DV Slot 279
[2015/5/15 - 11:25:17] Co gang de tao DV Slot ID 280
[2015/5/15 - 11:25:17] Xe ID 368 tao ra trong DV Slot 280
[2015/5/15 - 11:25:17] Co gang de tao DV Slot ID 281
[2015/5/15 - 11:25:17] Xe ID 369 tao ra trong DV Slot 281
[2015/5/15 - 11:25:17] Co gang de tao DV Slot ID 282
[2015/5/15 - 11:25:17] Xe ID 370 tao ra trong DV Slot 282
[2015/5/15 - 11:25:17] Co gang de tao DV Slot ID 283
[2015/5/15 - 11:25:17] Xe ID 371 tao ra trong DV Slot 283
[2015/5/15 - 11:25:17] Co gang de tao DV Slot ID 284
[2015/5/15 - 11:25:17] Co gang de tao DV Slot ID 285
[2015/5/15 - 11:25:17] Co gang de tao DV Slot ID 286
[2015/5/15 - 11:25:17] Xe ID 372 tao ra trong DV Slot 286
[2015/5/15 - 11:25:17] Co gang de tao DV Slot ID 287
[2015/5/15 - 11:25:17] Co gang de tao DV Slot ID 288
[2015/5/15 - 11:25:17] Xe ID 373 tao ra trong DV Slot 288
[2015/5/15 - 11:25:17] Co gang de tao DV Slot ID 289
[2015/5/15 - 11:25:17] Co gang de tao DV Slot ID 290
[2015/5/15 - 11:25:17] Xe ID 374 tao ra trong DV Slot 290
[2015/5/15 - 11:25:17] Co gang de tao DV Slot ID 291
[2015/5/15 - 11:25:17] Xe ID 375 tao ra trong DV Slot 291
[2015/5/15 - 11:25:17] Co gang de tao DV Slot ID 293
[2015/5/15 - 11:25:17] Xe ID 376 tao ra trong DV Slot 293
[2015/5/15 - 11:25:17] Co gang de tao DV Slot ID 294
[2015/5/15 - 11:25:17] Co gang de tao DV Slot ID 295
[2015/5/15 - 11:25:17] Co gang de tao DV Slot ID 296
[2015/5/15 - 11:25:17] Co gang de tao DV Slot ID 297
[2015/5/15 - 11:25:17] Xe ID 377 tao ra trong DV Slot 297
[2015/5/15 - 11:25:17] Co gang de tao DV Slot ID 298
[2015/5/15 - 11:25:17] Co gang de tao DV Slot ID 299
[2015/5/15 - 11:25:17] Xe ID 378 tao ra trong DV Slot 299
[2015/5/15 - 11:25:17] Co gang de tao DV Slot ID 300
[2015/5/15 - 11:25:17] Xe ID 379 tao ra trong DV Slot 300
[2015/5/15 - 11:25:17] Co gang de tao DV Slot ID 301
[2015/5/15 - 11:25:17] Co gang de tao DV Slot ID 302
[2015/5/15 - 11:25:17] Xe ID 380 tao ra trong DV Slot 302
[2015/5/15 - 11:25:17] Co gang de tao DV Slot ID 303
[2015/5/15 - 11:25:17] Xe ID 381 tao ra trong DV Slot 303
[2015/5/15 - 11:25:17] Co gang de tao DV Slot ID 304
[2015/5/15 - 11:25:17] Xe ID 382 tao ra trong DV Slot 304
[2015/5/15 - 11:25:17] Co gang de tao DV Slot ID 306
[2015/5/15 - 11:25:17] Xe ID 383 tao ra trong DV Slot 306
[2015/5/15 - 11:25:17] Co gang de tao DV Slot ID 307
[2015/5/15 - 11:25:17] Xe ID 384 tao ra trong DV Slot 307
[2015/5/15 - 11:25:17] Co gang de tao DV Slot ID 308
[2015/5/15 - 11:25:17] Co gang de tao DV Slot ID 309
[2015/5/15 - 11:25:17] Xe ID 385 tao ra trong DV Slot 309
[2015/5/15 - 11:25:17] Co gang de tao DV Slot ID 310
[2015/5/15 - 11:25:17] Xe ID 386 tao ra trong DV Slot 310
[2015/5/15 - 11:25:17] Co gang de tao DV Slot ID 311
[2015/5/15 - 11:25:17] Khong hop le Vehicle Model ID cho DV Slot 311
[2015/5/15 - 11:25:17] Co gang de tao DV Slot ID 312
[2015/5/15 - 11:25:17] Co gang de tao DV Slot ID 314
[2015/5/15 - 11:25:17] Co gang de tao DV Slot ID 315
[2015/5/15 - 11:25:17] Xe ID 387 tao ra trong DV Slot 315
[2015/5/15 - 11:25:17] Co gang de tao DV Slot ID 317
[2015/5/15 - 11:25:17] Xe ID 388 tao ra trong DV Slot 317
[2015/5/15 - 11:25:17] Co gang de tao DV Slot ID 321
[2015/5/15 - 11:25:17] Co gang de tao DV Slot ID 322
[2015/5/15 - 11:25:17] Xe ID 389 tao ra trong DV Slot 322
[2015/5/15 - 11:25:17] Co gang de tao DV Slot ID 323
[2015/5/15 - 11:25:17] Co gang de tao DV Slot ID 324
[2015/5/15 - 11:25:17] Co gang de tao DV Slot ID 325
[2015/5/15 - 11:25:17] Xe ID 390 tao ra trong DV Slot 325
[2015/5/15 - 11:25:17] Co gang de tao DV Slot ID 326
[2015/5/15 - 11:25:17] Co gang de tao DV Slot ID 327
[2015/5/15 - 11:25:17] Khong hop le Vehicle Model ID cho DV Slot 327
[2015/5/15 - 11:25:17] Co gang de tao DV Slot ID 328
[2015/5/15 - 11:25:17] Xe ID 391 tao ra trong DV Slot 328
[2015/5/15 - 11:25:17] Co gang de tao DV Slot ID 329
[2015/5/15 - 11:25:17] Xe ID 392 tao ra trong DV Slot 329
[2015/5/15 - 11:25:17] Co gang de tao DV Slot ID 330
[2015/5/15 - 11:25:17] Co gang de tao DV Slot ID 331
[2015/5/15 - 11:25:17] Xe ID 393 tao ra trong DV Slot 331
[2015/5/15 - 11:25:17] Co gang de tao DV Slot ID 332
[2015/5/15 - 11:25:17] Co gang de tao DV Slot ID 333
[2015/5/15 - 11:25:17] Co gang de tao DV Slot ID 334
[2015/5/15 - 11:25:17] Co gang de tao DV Slot ID 335
[2015/5/15 - 11:25:17] Xe ID 394 tao ra trong DV Slot 335
[2015/5/15 - 11:25:17] Co gang de tao DV Slot ID 336
[2015/5/15 - 11:25:17] Xe ID 395 tao ra trong DV Slot 336
[2015/5/15 - 11:25:17] Co gang de tao DV Slot ID 337
[2015/5/15 - 11:25:17] Co gang de tao DV Slot ID 338
[2015/5/15 - 11:25:17] Xe ID 396 tao ra trong DV Slot 338
[2015/5/15 - 11:25:17] Co gang de tao DV Slot ID 339
[2015/5/15 - 11:25:17] Xe ID 397 tao ra trong DV Slot 339
[2015/5/15 - 11:25:17] Co gang de tao DV Slot ID 340
[2015/5/15 - 11:25:17] Xe ID 398 tao ra trong DV Slot 340
[2015/5/15 - 11:25:17] Co gang de tao DV Slot ID 341
[2015/5/15 - 11:25:17] Xe ID 399 tao ra trong DV Slot 341
[2015/5/15 - 11:25:17] Co gang de tao DV Slot ID 342
[2015/5/15 - 11:25:17] Xe ID 400 tao ra trong DV Slot 342
[2015/5/15 - 11:25:17] Co gang de tao DV Slot ID 343
[2015/5/15 - 11:25:17] Xe ID 401 tao ra trong DV Slot 343
[2015/5/15 - 11:25:17] Co gang de tao DV Slot ID 344
[2015/5/15 - 11:25:17] Xe ID 402 tao ra trong DV Slot 344
[2015/5/15 - 11:25:17] Co gang de tao DV Slot ID 345
[2015/5/15 - 11:25:17] Xe ID 403 tao ra trong DV Slot 345
[2015/5/15 - 11:25:17] Co gang de tao DV Slot ID 346
[2015/5/15 - 11:25:17] Xe ID 404 tao ra trong DV Slot 346
[2015/5/15 - 11:25:17] Co gang de tao DV Slot ID 347
[2015/5/15 - 11:25:17] Xe ID 405 tao ra trong DV Slot 347
[2015/5/15 - 11:25:17] Co gang de tao DV Slot ID 348
[2015/5/15 - 11:25:17] Xe ID 406 tao ra trong DV Slot 348
[2015/5/15 - 11:25:17] Co gang de tao DV Slot ID 350
[2015/5/15 - 11:25:17] Xe ID 407 tao ra trong DV Slot 350
[2015/5/15 - 11:25:17] Co gang de tao DV Slot ID 351
[2015/5/15 - 11:25:17] Xe ID 408 tao ra trong DV Slot 351
[2015/5/15 - 11:25:17] Co gang de tao DV Slot ID 352
[2015/5/15 - 11:25:17] Xe ID 409 tao ra trong DV Slot 352
[2015/5/15 - 11:25:17] Co gang de tao DV Slot ID 353
[2015/5/15 - 11:25:17] Xe ID 410 tao ra trong DV Slot 353
[2015/5/15 - 11:25:17] Co gang de tao DV Slot ID 354
[2015/5/15 - 11:25:17] Xe ID 411 tao ra trong DV Slot 354
[2015/5/15 - 11:25:17] Co gang de tao DV Slot ID 355
[2015/5/15 - 11:25:17] Xe ID 412 tao ra trong DV Slot 355
[2015/5/15 - 11:25:17] Co gang de tao DV Slot ID 356
[2015/5/15 - 11:25:17] Xe ID 413 tao ra trong DV Slot 356
[2015/5/15 - 11:25:17] Co gang de tao DV Slot ID 357
[2015/5/15 - 11:25:17] Xe ID 414 tao ra trong DV Slot 357
[2015/5/15 - 11:25:17] Co gang de tao DV Slot ID 358
[2015/5/15 - 11:25:17] Xe ID 415 tao ra trong DV Slot 358
[2015/5/15 - 11:25:17] Co gang de tao DV Slot ID 359
[2015/5/15 - 11:25:17] Xe ID 416 tao ra trong DV Slot 359
[2015/5/15 - 11:25:17] Co gang de tao DV Slot ID 360
[2015/5/15 - 11:25:17] Khong hop le Vehicle Model ID cho DV Slot 360
[2015/5/15 - 11:25:17] Co gang de tao DV Slot ID 361
[2015/5/15 - 11:25:17] Khong hop le Vehicle Model ID cho DV Slot 361
[2015/5/15 - 11:25:17] Co gang de tao DV Slot ID 362
[2015/5/15 - 11:25:17] Co gang de tao DV Slot ID 363
[2015/5/15 - 11:25:17] Xe ID 417 tao ra trong DV Slot 363
[2015/5/15 - 11:25:17] Co gang de tao DV Slot ID 364
[2015/5/15 - 11:25:17] Co gang de tao DV Slot ID 365
[2015/5/15 - 11:25:17] Co gang de tao DV Slot ID 366
[2015/5/15 - 11:25:17] Xe ID 418 tao ra trong DV Slot 366
[2015/5/15 - 11:25:17] Co gang de tao DV Slot ID 368
[2015/5/15 - 11:25:17] Xe ID 419 tao ra trong DV Slot 368
[2015/5/15 - 11:25:17] Co gang de tao DV Slot ID 369
[2015/5/15 - 11:25:17] Khong hop le Vehicle Model ID cho DV Slot 369
[2015/5/15 - 11:25:17] Co gang de tao DV Slot ID 370
[2015/5/15 - 11:25:17] Xe ID 420 tao ra trong DV Slot 370
[2015/5/15 - 11:25:17] Co gang de tao DV Slot ID 371
[2015/5/15 - 11:25:17] Xe ID 421 tao ra trong DV Slot 371
[2015/5/15 - 11:25:17] Co gang de tao DV Slot ID 372
[2015/5/15 - 11:25:17] Co gang de tao DV Slot ID 373
[2015/5/15 - 11:25:17] Co gang de tao DV Slot ID 374
[2015/5/15 - 11:25:17] Co gang de tao DV Slot ID 375
[2015/5/15 - 11:25:17] Co gang de tao DV Slot ID 376
[2015/5/15 - 11:25:17] Co gang de tao DV Slot ID 378
[2015/5/15 - 11:25:17] Co gang de tao DV Slot ID 379
[2015/5/15 - 11:25:17] Xe ID 422 tao ra trong DV Slot 379
[2015/5/15 - 11:25:17] Co gang de tao DV Slot ID 380
[2015/5/15 - 11:25:17] Xe ID 423 tao ra trong DV Slot 380
[2015/5/15 - 11:25:17] Co gang de tao DV Slot ID 381
[2015/5/15 - 11:25:17] Xe ID 424 tao ra trong DV Slot 381
[2015/5/15 - 11:25:17] Co gang de tao DV Slot ID 388
[2015/5/15 - 11:25:17] Xe ID 425 tao ra trong DV Slot 388
[2015/5/15 - 11:25:17] Co gang de tao DV Slot ID 394
[2015/5/15 - 11:25:17] Co gang de tao DV Slot ID 395
[2015/5/15 - 11:25:17] Xe ID 426 tao ra trong DV Slot 395
[2015/5/15 - 11:25:17] Co gang de tao DV Slot ID 397
[2015/5/15 - 11:25:17] Co gang de tao DV Slot ID 400
[2015/5/15 - 11:25:17] Co gang de tao DV Slot ID 403
[2015/5/15 - 11:25:17] Khong hop le Vehicle Model ID cho DV Slot 403
[2015/5/15 - 11:25:17] Co gang de tao DV Slot ID 404
[2015/5/15 - 11:25:17] Khong hop le Vehicle Model ID cho DV Slot 404
[2015/5/15 - 11:25:17] Co gang de tao DV Slot ID 405
[2015/5/15 - 11:25:17] Khong hop le Vehicle Model ID cho DV Slot 405
[2015/5/15 - 11:25:17] Co gang de tao DV Slot ID 406
[2015/5/15 - 11:25:17] Khong hop le Vehicle Model ID cho DV Slot 406
[2015/5/15 - 11:25:17] Co gang de tao DV Slot ID 410
[2015/5/15 - 11:25:17] Khong hop le Vehicle Model ID cho DV Slot 410
[2015/5/15 - 11:25:17] Co gang de tao DV Slot ID 411
[2015/5/15 - 11:25:17] Khong hop le Vehicle Model ID cho DV Slot 411
[2015/5/15 - 11:25:17] Co gang de tao DV Slot ID 412
[2015/5/15 - 11:25:17] Khong hop le Vehicle Model ID cho DV Slot 412
[2015/5/15 - 11:25:17] Co gang de tao DV Slot ID 413
[2015/5/15 - 11:25:17] Xe ID 427 tao ra trong DV Slot 413
[2015/5/15 - 11:25:17] Co gang de tao DV Slot ID 416
[2015/5/15 - 11:25:17] Xe ID 428 tao ra trong DV Slot 416
[2015/5/15 - 11:25:17] Co gang de tao DV Slot ID 418
[2015/5/15 - 11:25:17] Khong hop le Vehicle Model ID cho DV Slot 418
[2015/5/15 - 11:25:17] Co gang de tao DV Slot ID 420
[2015/5/15 - 11:25:17] Khong hop le Vehicle Model ID cho DV Slot 420
[2015/5/15 - 11:25:17] Co gang de tao DV Slot ID 423
[2015/5/15 - 11:25:17] Xe ID 429 tao ra trong DV Slot 423
[2015/5/15 - 11:25:17] Co gang de tao DV Slot ID 429
[2015/5/15 - 11:25:17] Khong hop le Vehicle Model ID cho DV Slot 429
[2015/5/15 - 11:25:17] Co gang de tao DV Slot ID 432
[2015/5/15 - 11:25:17] Co gang de tao DV Slot ID 433
[2015/5/15 - 11:25:17] Co gang de tao DV Slot ID 434
[2015/5/15 - 11:25:17] Co gang de tao DV Slot ID 442
[2015/5/15 - 11:25:17] Khong hop le Vehicle Model ID cho DV Slot 442
[2015/5/15 - 11:25:17] Co gang de tao DV Slot ID 449
[2015/5/15 - 11:25:17] Khong hop le Vehicle Model ID cho DV Slot 449
[2015/5/15 - 11:25:17] Co gang de tao DV Slot ID 450
[2015/5/15 - 11:25:17] Khong hop le Vehicle Model ID cho DV Slot 450
[2015/5/15 - 11:25:17] Co gang de tao DV Slot ID 451
[2015/5/15 - 11:25:17] Xe ID 430 tao ra trong DV Slot 451
[2015/5/15 - 11:25:17] Co gang de tao DV Slot ID 452
[2015/5/15 - 11:25:17] Khong hop le Vehicle Model ID cho DV Slot 452
[2015/5/15 - 11:25:17] Co gang de tao DV Slot ID 454
[2015/5/15 - 11:25:17] Co gang de tao DV Slot ID 455
[2015/5/15 - 11:25:17] Xe ID 431 tao ra trong DV Slot 455
[2015/5/15 - 11:25:17] Co gang de tao DV Slot ID 456
[2015/5/15 - 11:25:17] Co gang de tao DV Slot ID 457
[2015/5/15 - 11:25:17] Khong hop le Vehicle Model ID cho DV Slot 457
[2015/5/15 - 11:25:17] Co gang de tao DV Slot ID 459
[2015/5/15 - 11:25:17] Khong hop le Vehicle Model ID cho DV Slot 459
[2015/5/15 - 11:25:17] Co gang de tao DV Slot ID 461
[2015/5/15 - 11:25:17] Khong hop le Vehicle Model ID cho DV Slot 461
[2015/5/15 - 11:25:17] Co gang de tao DV Slot ID 462
[2015/5/15 - 11:25:17] Khong hop le Vehicle Model ID cho DV Slot 462
[2015/5/15 - 11:25:17] Co gang de tao DV Slot ID 463
[2015/5/15 - 11:25:17] Khong hop le Vehicle Model ID cho DV Slot 463
[2015/5/15 - 11:25:17] Co gang de tao DV Slot ID 464
[2015/5/15 - 11:25:17] Khong hop le Vehicle Model ID cho DV Slot 464
[2015/5/15 - 11:25:17] Co gang de tao DV Slot ID 465
[2015/5/15 - 11:25:17] Khong hop le Vehicle Model ID cho DV Slot 465
[2015/5/15 - 11:25:17] Co gang de tao DV Slot ID 467
[2015/5/15 - 11:25:17] Khong hop le Vehicle Model ID cho DV Slot 467
[2015/5/15 - 11:25:17] Co gang de tao DV Slot ID 468
[2015/5/15 - 11:25:17] Khong hop le Vehicle Model ID cho DV Slot 468
[2015/5/15 - 11:25:17] Co gang de tao DV Slot ID 470
[2015/5/15 - 11:25:17] Khong hop le Vehicle Model ID cho DV Slot 470
[2015/5/15 - 11:25:17] Co gang de tao DV Slot ID 472
[2015/5/15 - 11:25:17] Khong hop le Vehicle Model ID cho DV Slot 472
[2015/5/15 - 11:25:17] Co gang de tao DV Slot ID 473
[2015/5/15 - 11:25:17] Xe ID 432 tao ra trong DV Slot 473
[2015/5/15 - 11:25:17] Co gang de tao DV Slot ID 474
[2015/5/15 - 11:25:17] Xe ID 433 tao ra trong DV Slot 474
[2015/5/15 - 11:25:17] Co gang de tao DV Slot ID 476
[2015/5/15 - 11:25:17] Xe ID 434 tao ra trong DV Slot 476
[2015/5/15 - 11:25:17] Co gang de tao DV Slot ID 477
[2015/5/15 - 11:25:17] Khong hop le Vehicle Model ID cho DV Slot 477
[2015/5/15 - 11:25:17] Co gang de tao DV Slot ID 480
[2015/5/15 - 11:25:17] Khong hop le Vehicle Model ID cho DV Slot 480
[2015/5/15 - 11:25:17] Co gang de tao DV Slot ID 482
[2015/5/15 - 11:25:17] Xe ID 435 tao ra trong DV Slot 482
[2015/5/15 - 11:25:17] Co gang de tao DV Slot ID 483
[2015/5/15 - 11:25:17] Khong hop le Vehicle Model ID cho DV Slot 483
[2015/5/15 - 11:25:17] Co gang de tao DV Slot ID 484
[2015/5/15 - 11:25:17] Xe ID 436 tao ra trong DV Slot 484
[2015/5/15 - 11:25:17] Co gang de tao DV Slot ID 486
[2015/5/15 - 11:25:17] Khong hop le Vehicle Model ID cho DV Slot 486
[2015/5/15 - 11:25:17] Co gang de tao DV Slot ID 487
[2015/5/15 - 11:25:17] Co gang de tao DV Slot ID 488
[2015/5/15 - 11:25:17] Co gang de tao DV Slot ID 489
[2015/5/15 - 11:25:17] Khong hop le Vehicle Model ID cho DV Slot 489
[2015/5/15 - 11:25:17] Co gang de tao DV Slot ID 492
[2015/5/15 - 11:25:17] Co gang de tao DV Slot ID 494
[2015/5/15 - 11:25:17] Co gang de tao DV Slot ID 495
[2015/5/15 - 11:25:17] Co gang de tao DV Slot ID 497
[2015/5/15 - 11:25:17] Xe ID 437 tao ra trong DV Slot 497
[2015/5/15 - 11:25:17] Co gang de tao DV Slot ID 500
[2015/5/15 - 11:25:17] Co gang de tao DV Slot ID 509
[2015/5/15 - 11:25:17] Khong hop le Vehicle Model ID cho DV Slot 509
[2015/5/15 - 11:25:17] Co gang de tao DV Slot ID 511
[2015/5/15 - 11:25:17] Xe ID 438 tao ra trong DV Slot 511
[2015/5/15 - 11:25:17] Co gang de tao DV Slot ID 513
[2015/5/15 - 11:25:17] Khong hop le Vehicle Model ID cho DV Slot 513
[2015/5/15 - 11:25:17] Co gang de tao DV Slot ID 515
[2015/5/15 - 11:25:17] Xe ID 439 tao ra trong DV Slot 515
[2015/5/15 - 11:25:17] Co gang de tao DV Slot ID 516
[2015/5/15 - 11:25:17] Xe ID 440 tao ra trong DV Slot 516
[2015/5/15 - 11:25:17] Co gang de tao DV Slot ID 517
[2015/5/15 - 11:25:17] Xe ID 441 tao ra trong DV Slot 517
[2015/5/15 - 11:25:17] Co gang de tao DV Slot ID 518
[2015/5/15 - 11:25:17] Khong hop le Vehicle Model ID cho DV Slot 518
[2015/5/15 - 11:25:17] Co gang de tao DV Slot ID 519
[2015/5/15 - 11:25:17] Khong hop le Vehicle Model ID cho DV Slot 519
[2015/5/15 - 11:25:17] Co gang de tao DV Slot ID 521
[2015/5/15 - 11:25:17] Co gang de tao DV Slot ID 522
[2015/5/15 - 11:25:17] Khong hop le Vehicle Model ID cho DV Slot 522
[2015/5/15 - 11:25:17] Co gang de tao DV Slot ID 530
[2015/5/15 - 11:25:17] Khong hop le Vehicle Model ID cho DV Slot 530
[2015/5/15 - 11:25:17] Co gang de tao DV Slot ID 531
[2015/5/15 - 11:25:17] Khong hop le Vehicle Model ID cho DV Slot 531
[2015/5/15 - 11:25:17] Co gang de tao DV Slot ID 533
[2015/5/15 - 11:25:17] Khong hop le Vehicle Model ID cho DV Slot 533
[2015/5/15 - 11:25:17] Co gang de tao DV Slot ID 536
[2015/5/15 - 11:25:17] Khong hop le Vehicle Model ID cho DV Slot 536
[2015/5/15 - 11:25:17] Co gang de tao DV Slot ID 537
[2015/5/15 - 11:25:17] Khong hop le Vehicle Model ID cho DV Slot 537
[2015/5/15 - 11:25:17] Co gang de tao DV Slot ID 538
[2015/5/15 - 11:25:17] Co gang de tao DV Slot ID 539
[2015/5/15 - 11:25:17] Khong hop le Vehicle Model ID cho DV Slot 539
[2015/5/15 - 11:25:17] Co gang de tao DV Slot ID 542
[2015/5/15 - 11:25:17] Khong hop le Vehicle Model ID cho DV Slot 542
[2015/5/15 - 11:25:17] Co gang de tao DV Slot ID 546
[2015/5/15 - 11:25:17] Xe ID 442 tao ra trong DV Slot 546
[2015/5/15 - 11:25:17] Co gang de tao DV Slot ID 548
[2015/5/15 - 11:25:17] Xe ID 443 tao ra trong DV Slot 548
[2015/5/15 - 11:25:17] Co gang de tao DV Slot ID 551
[2015/5/15 - 11:25:17] Xe ID 444 tao ra trong DV Slot 551
[2015/5/15 - 11:25:17] Co gang de tao DV Slot ID 557
[2015/5/15 - 11:25:17] Khong hop le Vehicle Model ID cho DV Slot 557
[2015/5/15 - 11:25:17] Co gang de tao DV Slot ID 558
[2015/5/15 - 11:25:17] Khong hop le Vehicle Model ID cho DV Slot 558
[2015/5/15 - 11:25:17] Co gang de tao DV Slot ID 559
[2015/5/15 - 11:25:17] Khong hop le Vehicle Model ID cho DV Slot 559
[2015/5/15 - 11:25:17] Co gang de tao DV Slot ID 560
[2015/5/15 - 11:25:17] Khong hop le Vehicle Model ID cho DV Slot 560
[2015/5/15 - 11:25:17] Co gang de tao DV Slot ID 563
[2015/5/15 - 11:25:17] Khong hop le Vehicle Model ID cho DV Slot 563
[2015/5/15 - 11:25:17] Co gang de tao DV Slot ID 565
[2015/5/15 - 11:25:17] Xe ID 445 tao ra trong DV Slot 565
[2015/5/15 - 11:25:17] Co gang de tao DV Slot ID 567
[2015/5/15 - 11:25:17] Khong hop le Vehicle Model ID cho DV Slot 567
[2015/5/15 - 11:25:17] Co gang de tao DV Slot ID 568
[2015/5/15 - 11:25:17] Khong hop le Vehicle Model ID cho DV Slot 568
[2015/5/15 - 11:25:17] Co gang de tao DV Slot ID 575
[2015/5/15 - 11:25:17] Xe ID 446 tao ra trong DV Slot 575
[2015/5/15 - 11:25:17] Co gang de tao DV Slot ID 579
[2015/5/15 - 11:25:17] Khong hop le Vehicle Model ID cho DV Slot 579
[2015/5/15 - 11:25:17] Co gang de tao DV Slot ID 581
[2015/5/15 - 11:25:17] Khong hop le Vehicle Model ID cho DV Slot 581
[2015/5/15 - 11:25:17] Co gang de tao DV Slot ID 583
[2015/5/15 - 11:25:17] Khong hop le Vehicle Model ID cho DV Slot 583
[2015/5/15 - 11:25:17] Co gang de tao DV Slot ID 585
[2015/5/15 - 11:25:17] Khong hop le Vehicle Model ID cho DV Slot 585
[2015/5/15 - 11:25:17] Co gang de tao DV Slot ID 586
[2015/5/15 - 11:25:17] Khong hop le Vehicle Model ID cho DV Slot 586
[2015/5/15 - 11:25:17] Co gang de tao DV Slot ID 587
[2015/5/15 - 11:25:17] Xe ID 447 tao ra trong DV Slot 587
[2015/5/15 - 11:25:17] Co gang de tao DV Slot ID 599
[2015/5/15 - 11:25:17] Co gang de tao DV Slot ID 601
[2015/5/15 - 11:25:17] Co gang de tao DV Slot ID 604
[2015/5/15 - 11:25:17] Xe ID 448 tao ra trong DV Slot 604
[2015/5/15 - 11:25:17] Co gang de tao DV Slot ID 605
[2015/5/15 - 11:25:17] Khong hop le Vehicle Model ID cho DV Slot 605
[2015/5/15 - 11:25:17] Co gang de tao DV Slot ID 606
[2015/5/15 - 11:25:17] Khong hop le Vehicle Model ID cho DV Slot 606
[2015/5/15 - 11:25:17] Co gang de tao DV Slot ID 607
[2015/5/15 - 11:25:17] Khong hop le Vehicle Model ID cho DV Slot 607
[2015/5/15 - 11:25:17] Co gang de tao DV Slot ID 608
[2015/5/15 - 11:25:17] Khong hop le Vehicle Model ID cho DV Slot 608
[2015/5/15 - 11:25:17] Co gang de tao DV Slot ID 610
[2015/5/15 - 11:25:17] Khong hop le Vehicle Model ID cho DV Slot 610
[2015/5/15 - 11:25:17] Co gang de tao DV Slot ID 612
[2015/5/15 - 11:25:17] Khong hop le Vehicle Model ID cho DV Slot 612
[2015/5/15 - 11:25:17] Co gang de tao DV Slot ID 617
[2015/5/15 - 11:25:17] Xe ID 449 tao ra trong DV Slot 617
[2015/5/15 - 11:25:17] Co gang de tao DV Slot ID 619
[2015/5/15 - 11:25:17] Xe ID 450 tao ra trong DV Slot 619
[2015/5/15 - 11:25:17] Co gang de tao DV Slot ID 620
[2015/5/15 - 11:25:17] Khong hop le Vehicle Model ID cho DV Slot 620
[2015/5/15 - 11:25:17] Co gang de tao DV Slot ID 621
[2015/5/15 - 11:25:17] Xe ID 451 tao ra trong DV Slot 621
[2015/5/15 - 11:25:17] Co gang de tao DV Slot ID 622
[2015/5/15 - 11:25:17] Co gang de tao DV Slot ID 624
[2015/5/15 - 11:25:17] Khong hop le Vehicle Model ID cho DV Slot 624
[2015/5/15 - 11:25:17] Co gang de tao DV Slot ID 625
[2015/5/15 - 11:25:17] Khong hop le Vehicle Model ID cho DV Slot 625
[2015/5/15 - 11:25:17] Co gang de tao DV Slot ID 626
[2015/5/15 - 11:25:17] Khong hop le Vehicle Model ID cho DV Slot 626
[2015/5/15 - 11:25:17] Co gang de tao DV Slot ID 627
[2015/5/15 - 11:25:17] Khong hop le Vehicle Model ID cho DV Slot 627
[2015/5/15 - 11:25:17] Co gang de tao DV Slot ID 628
[2015/5/15 - 11:25:17] Khong hop le Vehicle Model ID cho DV Slot 628
[2015/5/15 - 11:25:17] Co gang de tao DV Slot ID 631
[2015/5/15 - 11:25:17] Khong hop le Vehicle Model ID cho DV Slot 631
[2015/5/15 - 11:25:17] Co gang de tao DV Slot ID 633
[2015/5/15 - 11:25:17] Khong hop le Vehicle Model ID cho DV Slot 633
[2015/5/15 - 11:25:17] Co gang de tao DV Slot ID 639
[2015/5/15 - 11:25:17] Khong hop le Vehicle Model ID cho DV Slot 639
[2015/5/15 - 11:25:17] Co gang de tao DV Slot ID 646
[2015/5/15 - 11:25:17] Xe ID 452 tao ra trong DV Slot 646
[2015/5/15 - 11:25:17] Co gang de tao DV Slot ID 647
[2015/5/15 - 11:25:17] Khong hop le Vehicle Model ID cho DV Slot 647
[2015/5/15 - 11:25:17] Co gang de tao DV Slot ID 648
[2015/5/15 - 11:25:17] Khong hop le Vehicle Model ID cho DV Slot 648
[2015/5/15 - 11:25:17] Co gang de tao DV Slot ID 649
[2015/5/15 - 11:25:17] Khong hop le Vehicle Model ID cho DV Slot 649
[2015/5/15 - 11:25:17] Co gang de tao DV Slot ID 650
[2015/5/15 - 11:25:17] Xe ID 453 tao ra trong DV Slot 650
[2015/5/15 - 11:25:17] Co gang de tao DV Slot ID 651
[2015/5/15 - 11:25:17] Xe ID 454 tao ra trong DV Slot 651
[2015/5/15 - 15:55:33] Co gang de tao DV Slot ID 0
[2015/5/15 - 15:55:33] Pha huy xe ID 0 trong DV Slot 0
[2015/5/15 - 15:55:33] Khong hop le Vehicle Model ID cho DV Slot 0
[2015/5/15 - 15:55:33] Co gang de tao DV Slot ID 1
[2015/5/15 - 15:55:33] Xe ID 269 tao ra trong DV Slot 1
[2015/5/15 - 15:55:33] Co gang de tao DV Slot ID 2
[2015/5/15 - 15:55:33] Xe ID 270 tao ra trong DV Slot 2
[2015/5/15 - 15:55:33] Co gang de tao DV Slot ID 3
[2015/5/15 - 15:55:33] Xe ID 271 tao ra trong DV Slot 3
[2015/5/15 - 15:55:33] Co gang de tao DV Slot ID 4
[2015/5/15 - 15:55:33] Xe ID 272 tao ra trong DV Slot 4
[2015/5/15 - 15:55:33] Co gang de tao DV Slot ID 5
[2015/5/15 - 15:55:33] Co gang de tao DV Slot ID 6
[2015/5/15 - 15:55:33] Co gang de tao DV Slot ID 7
[2015/5/15 - 15:55:33] Co gang de tao DV Slot ID 8
[2015/5/15 - 15:55:33] Co gang de tao DV Slot ID 9
[2015/5/15 - 15:55:33] Co gang de tao DV Slot ID 10
[2015/5/15 - 15:55:33] Xe ID 273 tao ra trong DV Slot 10
[2015/5/15 - 15:55:33] Co gang de tao DV Slot ID 11
[2015/5/15 - 15:55:33] Xe ID 274 tao ra trong DV Slot 11
[2015/5/15 - 15:55:33] Co gang de tao DV Slot ID 12
[2015/5/15 - 15:55:33] Co gang de tao DV Slot ID 13
[2015/5/15 - 15:55:33] Xe ID 275 tao ra trong DV Slot 13
[2015/5/15 - 15:55:33] Co gang de tao DV Slot ID 14
[2015/5/15 - 15:55:33] Xe ID 276 tao ra trong DV Slot 14
[2015/5/15 - 15:55:33] Co gang de tao DV Slot ID 15
[2015/5/15 - 15:55:33] Co gang de tao DV Slot ID 16
[2015/5/15 - 15:55:33] Co gang de tao DV Slot ID 17
[2015/5/15 - 15:55:33] Khong hop le Vehicle Model ID cho DV Slot 17
[2015/5/15 - 15:55:33] Co gang de tao DV Slot ID 18
[2015/5/15 - 15:55:33] Co gang de tao DV Slot ID 19
[2015/5/15 - 15:55:33] Co gang de tao DV Slot ID 20
[2015/5/15 - 15:55:33] Xe ID 277 tao ra trong DV Slot 20
[2015/5/15 - 15:55:33] Co gang de tao DV Slot ID 21
[2015/5/15 - 15:55:33] Xe ID 278 tao ra trong DV Slot 21
[2015/5/15 - 15:55:33] Co gang de tao DV Slot ID 22
[2015/5/15 - 15:55:33] Xe ID 279 tao ra trong DV Slot 22
[2015/5/15 - 15:55:33] Co gang de tao DV Slot ID 23
[2015/5/15 - 15:55:33] Khong hop le Vehicle Model ID cho DV Slot 23
[2015/5/15 - 15:55:33] Co gang de tao DV Slot ID 24
[2015/5/15 - 15:55:33] Khong hop le Vehicle Model ID cho DV Slot 24
[2015/5/15 - 15:55:33] Co gang de tao DV Slot ID 25
[2015/5/15 - 15:55:33] Co gang de tao DV Slot ID 26
[2015/5/15 - 15:55:33] Khong hop le Vehicle Model ID cho DV Slot 26
[2015/5/15 - 15:55:33] Co gang de tao DV Slot ID 27
[2015/5/15 - 15:55:33] Co gang de tao DV Slot ID 28
[2015/5/15 - 15:55:33] Co gang de tao DV Slot ID 29
[2015/5/15 - 15:55:33] Khong hop le Vehicle Model ID cho DV Slot 29
[2015/5/15 - 15:55:33] Co gang de tao DV Slot ID 30
[2015/5/15 - 15:55:33] Xe ID 280 tao ra trong DV Slot 30
[2015/5/15 - 15:55:33] Co gang de tao DV Slot ID 31
[2015/5/15 - 15:55:33] Co gang de tao DV Slot ID 32
[2015/5/15 - 15:55:33] Co gang de tao DV Slot ID 33
[2015/5/15 - 15:55:33] Xe ID 281 tao ra trong DV Slot 33
[2015/5/15 - 15:55:33] Co gang de tao DV Slot ID 34
[2015/5/15 - 15:55:33] Co gang de tao DV Slot ID 35
[2015/5/15 - 15:55:33] Xe ID 282 tao ra trong DV Slot 35
[2015/5/15 - 15:55:33] Co gang de tao DV Slot ID 36
[2015/5/15 - 15:55:33] Xe ID 283 tao ra trong DV Slot 36
[2015/5/15 - 15:55:33] Co gang de tao DV Slot ID 37
[2015/5/15 - 15:55:33] Co gang de tao DV Slot ID 38
[2015/5/15 - 15:55:33] Co gang de tao DV Slot ID 39
[2015/5/15 - 15:55:33] Xe ID 284 tao ra trong DV Slot 39
[2015/5/15 - 15:55:33] Co gang de tao DV Slot ID 40
[2015/5/15 - 15:55:33] Xe ID 285 tao ra trong DV Slot 40
[2015/5/15 - 15:55:33] Co gang de tao DV Slot ID 41
[2015/5/15 - 15:55:33] Co gang de tao DV Slot ID 42
[2015/5/15 - 15:55:33] Co gang de tao DV Slot ID 43
[2015/5/15 - 15:55:33] Xe ID 286 tao ra trong DV Slot 43
[2015/5/15 - 15:55:33] Co gang de tao DV Slot ID 44
[2015/5/15 - 15:55:33] Co gang de tao DV Slot ID 45
[2015/5/15 - 15:55:33] Co gang de tao DV Slot ID 46
[2015/5/15 - 15:55:33] Co gang de tao DV Slot ID 47
[2015/5/15 - 15:55:33] Co gang de tao DV Slot ID 48
[2015/5/15 - 15:55:33] Xe ID 287 tao ra trong DV Slot 48
[2015/5/15 - 15:55:33] Co gang de tao DV Slot ID 49
[2015/5/15 - 15:55:33] Co gang de tao DV Slot ID 50
[2015/5/15 - 15:55:33] Xe ID 288 tao ra trong DV Slot 50
[2015/5/15 - 15:55:33] Co gang de tao DV Slot ID 51
[2015/5/15 - 15:55:33] Co gang de tao DV Slot ID 52
[2015/5/15 - 15:55:33] Co gang de tao DV Slot ID 53
[2015/5/15 - 15:55:33] Xe ID 289 tao ra trong DV Slot 53
[2015/5/15 - 15:55:33] Co gang de tao DV Slot ID 54
[2015/5/15 - 15:55:33] Co gang de tao DV Slot ID 55
[2015/5/15 - 15:55:33] Co gang de tao DV Slot ID 56
[2015/5/15 - 15:55:33] Co gang de tao DV Slot ID 57
[2015/5/15 - 15:55:33] Co gang de tao DV Slot ID 58
[2015/5/15 - 15:55:33] Co gang de tao DV Slot ID 59
[2015/5/15 - 15:55:33] Co gang de tao DV Slot ID 60
[2015/5/15 - 15:55:33] Co gang de tao DV Slot ID 61
[2015/5/15 - 15:55:33] Co gang de tao DV Slot ID 62
[2015/5/15 - 15:55:33] Co gang de tao DV Slot ID 63
[2015/5/15 - 15:55:33] Co gang de tao DV Slot ID 64
[2015/5/15 - 15:55:33] Xe ID 290 tao ra trong DV Slot 64
[2015/5/15 - 15:55:33] Co gang de tao DV Slot ID 65
[2015/5/15 - 15:55:33] Co gang de tao DV Slot ID 66
[2015/5/15 - 15:55:33] Co gang de tao DV Slot ID 67
[2015/5/15 - 15:55:33] Xe ID 291 tao ra trong DV Slot 67
[2015/5/15 - 15:55:33] Co gang de tao DV Slot ID 68
[2015/5/15 - 15:55:33] Co gang de tao DV Slot ID 69
[2015/5/15 - 15:55:33] Co gang de tao DV Slot ID 70
[2015/5/15 - 15:55:33] Co gang de tao DV Slot ID 71
[2015/5/15 - 15:55:33] Co gang de tao DV Slot ID 72
[2015/5/15 - 15:55:33] Co gang de tao DV Slot ID 73
[2015/5/15 - 15:55:33] Co gang de tao DV Slot ID 74
[2015/5/15 - 15:55:33] Xe ID 292 tao ra trong DV Slot 74
[2015/5/15 - 15:55:33] Co gang de tao DV Slot ID 75
[2015/5/15 - 15:55:33] Co gang de tao DV Slot ID 76
[2015/5/15 - 15:55:33] Co gang de tao DV Slot ID 77
[2015/5/15 - 15:55:33] Co gang de tao DV Slot ID 78
[2015/5/15 - 15:55:33] Co gang de tao DV Slot ID 79
[2015/5/15 - 15:55:33] Co gang de tao DV Slot ID 80
[2015/5/15 - 15:55:33] Co gang de tao DV Slot ID 81
[2015/5/15 - 15:55:33] Co gang de tao DV Slot ID 82
[2015/5/15 - 15:55:33] Co gang de tao DV Slot ID 83
[2015/5/15 - 15:55:33] Co gang de tao DV Slot ID 84
[2015/5/15 - 15:55:33] Co gang de tao DV Slot ID 85
[2015/5/15 - 15:55:33] Co gang de tao DV Slot ID 86
[2015/5/15 - 15:55:33] Co gang de tao DV Slot ID 87
[2015/5/15 - 15:55:33] Xe ID 293 tao ra trong DV Slot 87
[2015/5/15 - 15:55:33] Co gang de tao DV Slot ID 88
[2015/5/15 - 15:55:33] Co gang de tao DV Slot ID 89
[2015/5/15 - 15:55:33] Co gang de tao DV Slot ID 90
[2015/5/15 - 15:55:33] Co gang de tao DV Slot ID 91
[2015/5/15 - 15:55:33] Co gang de tao DV Slot ID 92
[2015/5/15 - 15:55:33] Co gang de tao DV Slot ID 93
[2015/5/15 - 15:55:33] Co gang de tao DV Slot ID 94
[2015/5/15 - 15:55:33] Co gang de tao DV Slot ID 95
[2015/5/15 - 15:55:33] Xe ID 294 tao ra trong DV Slot 95
[2015/5/15 - 15:55:33] Co gang de tao DV Slot ID 96
[2015/5/15 - 15:55:33] Xe ID 295 tao ra trong DV Slot 96
[2015/5/15 - 15:55:33] Co gang de tao DV Slot ID 97
[2015/5/15 - 15:55:33] Xe ID 296 tao ra trong DV Slot 97
[2015/5/15 - 15:55:33] Co gang de tao DV Slot ID 98
[2015/5/15 - 15:55:33] Xe ID 297 tao ra trong DV Slot 98
[2015/5/15 - 15:55:33] Co gang de tao DV Slot ID 99
[2015/5/15 - 15:55:33] Co gang de tao DV Slot ID 100
[2015/5/15 - 15:55:33] Co gang de tao DV Slot ID 101
[2015/5/15 - 15:55:33] Co gang de tao DV Slot ID 102
[2015/5/15 - 15:55:33] Co gang de tao DV Slot ID 103
[2015/5/15 - 15:55:33] Co gang de tao DV Slot ID 104
[2015/5/15 - 15:55:33] Co gang de tao DV Slot ID 105
[2015/5/15 - 15:55:33] Co gang de tao DV Slot ID 106
[2015/5/15 - 15:55:33] Co gang de tao DV Slot ID 107
[2015/5/15 - 15:55:33] Co gang de tao DV Slot ID 108
[2015/5/15 - 15:55:33] Co gang de tao DV Slot ID 109
[2015/5/15 - 15:55:33] Xe ID 298 tao ra trong DV Slot 109
[2015/5/15 - 15:55:33] Co gang de tao DV Slot ID 110
[2015/5/15 - 15:55:33] Xe ID 299 tao ra trong DV Slot 110
[2015/5/15 - 15:55:33] Co gang de tao DV Slot ID 111
[2015/5/15 - 15:55:33] Co gang de tao DV Slot ID 112
[2015/5/15 - 15:55:33] Co gang de tao DV Slot ID 113
[2015/5/15 - 15:55:33] Xe ID 300 tao ra trong DV Slot 113
[2015/5/15 - 15:55:33] Co gang de tao DV Slot ID 114
[2015/5/15 - 15:55:33] Co gang de tao DV Slot ID 115
[2015/5/15 - 15:55:33] Co gang de tao DV Slot ID 116
[2015/5/15 - 15:55:33] Co gang de tao DV Slot ID 117
[2015/5/15 - 15:55:33] Co gang de tao DV Slot ID 118
[2015/5/15 - 15:55:33] Xe ID 301 tao ra trong DV Slot 118
[2015/5/15 - 15:55:33] Co gang de tao DV Slot ID 119
[2015/5/15 - 15:55:33] Co gang de tao DV Slot ID 120
[2015/5/15 - 15:55:33] Khong hop le Vehicle Model ID cho DV Slot 120
[2015/5/15 - 15:55:33] Co gang de tao DV Slot ID 121
[2015/5/15 - 15:55:33] Xe ID 302 tao ra trong DV Slot 121
[2015/5/15 - 15:55:33] Co gang de tao DV Slot ID 122
[2015/5/15 - 15:55:33] Co gang de tao DV Slot ID 123
[2015/5/15 - 15:55:33] Xe ID 303 tao ra trong DV Slot 123
[2015/5/15 - 15:55:33] Co gang de tao DV Slot ID 124
[2015/5/15 - 15:55:33] Co gang de tao DV Slot ID 125
[2015/5/15 - 15:55:33] Co gang de tao DV Slot ID 126
[2015/5/15 - 15:55:33] Co gang de tao DV Slot ID 127
[2015/5/15 - 15:55:33] Co gang de tao DV Slot ID 128
[2015/5/15 - 15:55:33] Co gang de tao DV Slot ID 129
[2015/5/15 - 15:55:33] Co gang de tao DV Slot ID 130
[2015/5/15 - 15:55:33] Co gang de tao DV Slot ID 131
[2015/5/15 - 15:55:33] Co gang de tao DV Slot ID 132
[2015/5/15 - 15:55:33] Co gang de tao DV Slot ID 133
[2015/5/15 - 15:55:33] Xe ID 304 tao ra trong DV Slot 133
[2015/5/15 - 15:55:33] Co gang de tao DV Slot ID 134
[2015/5/15 - 15:55:33] Xe ID 305 tao ra trong DV Slot 134
[2015/5/15 - 15:55:33] Co gang de tao DV Slot ID 135
[2015/5/15 - 15:55:33] Khong hop le Vehicle Model ID cho DV Slot 135
[2015/5/15 - 15:55:33] Co gang de tao DV Slot ID 136
[2015/5/15 - 15:55:33] Co gang de tao DV Slot ID 137
[2015/5/15 - 15:55:33] Xe ID 306 tao ra trong DV Slot 137
[2015/5/15 - 15:55:33] Co gang de tao DV Slot ID 138
[2015/5/15 - 15:55:33] Xe ID 307 tao ra trong DV Slot 138
[2015/5/15 - 15:55:33] Co gang de tao DV Slot ID 139
[2015/5/15 - 15:55:33] Co gang de tao DV Slot ID 140
[2015/5/15 - 15:55:33] Xe ID 308 tao ra trong DV Slot 140
[2015/5/15 - 15:55:33] Co gang de tao DV Slot ID 141
[2015/5/15 - 15:55:33] Co gang de tao DV Slot ID 142
[2015/5/15 - 15:55:33] Co gang de tao DV Slot ID 143
[2015/5/15 - 15:55:33] Co gang de tao DV Slot ID 144
[2015/5/15 - 15:55:33] Xe ID 309 tao ra trong DV Slot 144
[2015/5/15 - 15:55:33] Co gang de tao DV Slot ID 145
[2015/5/15 - 15:55:33] Xe ID 310 tao ra trong DV Slot 145
[2015/5/15 - 15:55:33] Co gang de tao DV Slot ID 146
[2015/5/15 - 15:55:33] Co gang de tao DV Slot ID 147
[2015/5/15 - 15:55:33] Xe ID 311 tao ra trong DV Slot 147
[2015/5/15 - 15:55:33] Co gang de tao DV Slot ID 148
[2015/5/15 - 15:55:33] Co gang de tao DV Slot ID 149
[2015/5/15 - 15:55:33] Co gang de tao DV Slot ID 150
[2015/5/15 - 15:55:33] Xe ID 312 tao ra trong DV Slot 150
[2015/5/15 - 15:55:33] Co gang de tao DV Slot ID 151
[2015/5/15 - 15:55:33] Xe ID 313 tao ra trong DV Slot 151
[2015/5/15 - 15:55:33] Co gang de tao DV Slot ID 152
[2015/5/15 - 15:55:33] Co gang de tao DV Slot ID 153
[2015/5/15 - 15:55:33] Co gang de tao DV Slot ID 154
[2015/5/15 - 15:55:33] Co gang de tao DV Slot ID 155
[2015/5/15 - 15:55:33] Co gang de tao DV Slot ID 156
[2015/5/15 - 15:55:33] Co gang de tao DV Slot ID 157
[2015/5/15 - 15:55:33] Co gang de tao DV Slot ID 158
[2015/5/15 - 15:55:33] Co gang de tao DV Slot ID 159
[2015/5/15 - 15:55:33] Xe ID 314 tao ra trong DV Slot 159
[2015/5/15 - 15:55:33] Co gang de tao DV Slot ID 160
[2015/5/15 - 15:55:33] Xe ID 315 tao ra trong DV Slot 160
[2015/5/15 - 15:55:33] Co gang de tao DV Slot ID 161
[2015/5/15 - 15:55:33] Co gang de tao DV Slot ID 162
[2015/5/15 - 15:55:33] Xe ID 316 tao ra trong DV Slot 162
[2015/5/15 - 15:55:33] Co gang de tao DV Slot ID 163
[2015/5/15 - 15:55:33] Khong hop le Vehicle Model ID cho DV Slot 163
[2015/5/15 - 15:55:33] Co gang de tao DV Slot ID 164
[2015/5/15 - 15:55:33] Xe ID 317 tao ra trong DV Slot 164
[2015/5/15 - 15:55:33] Co gang de tao DV Slot ID 165
[2015/5/15 - 15:55:33] Co gang de tao DV Slot ID 166
[2015/5/15 - 15:55:33] Khong hop le Vehicle Model ID cho DV Slot 166
[2015/5/15 - 15:55:33] Co gang de tao DV Slot ID 167
[2015/5/15 - 15:55:33] Co gang de tao DV Slot ID 168
[2015/5/15 - 15:55:33] Xe ID 318 tao ra trong DV Slot 168
[2015/5/15 - 15:55:33] Co gang de tao DV Slot ID 169
[2015/5/15 - 15:55:33] Co gang de tao DV Slot ID 170
[2015/5/15 - 15:55:33] Xe ID 319 tao ra trong DV Slot 170
[2015/5/15 - 15:55:33] Co gang de tao DV Slot ID 171
[2015/5/15 - 15:55:33] Xe ID 320 tao ra trong DV Slot 171
[2015/5/15 - 15:55:33] Co gang de tao DV Slot ID 172
[2015/5/15 - 15:55:33] Xe ID 321 tao ra trong DV Slot 172
[2015/5/15 - 15:55:33] Co gang de tao DV Slot ID 173
[2015/5/15 - 15:55:33] Co gang de tao DV Slot ID 174
[2015/5/15 - 15:55:33] Co gang de tao DV Slot ID 175
[2015/5/15 - 15:55:33] Xe ID 322 tao ra trong DV Slot 175
[2015/5/15 - 15:55:33] Co gang de tao DV Slot ID 176
[2015/5/15 - 15:55:33] Xe ID 323 tao ra trong DV Slot 176
[2015/5/15 - 15:55:33] Co gang de tao DV Slot ID 177
[2015/5/15 - 15:55:33] Xe ID 324 tao ra trong DV Slot 177
[2015/5/15 - 15:55:33] Co gang de tao DV Slot ID 178
[2015/5/15 - 15:55:33] Xe ID 325 tao ra trong DV Slot 178
[2015/5/15 - 15:55:33] Co gang de tao DV Slot ID 179
[2015/5/15 - 15:55:33] Co gang de tao DV Slot ID 180
[2015/5/15 - 15:55:33] Xe ID 326 tao ra trong DV Slot 180
[2015/5/15 - 15:55:33] Co gang de tao DV Slot ID 181
[2015/5/15 - 15:55:33] Co gang de tao DV Slot ID 182
[2015/5/15 - 15:55:33] Co gang de tao DV Slot ID 183
[2015/5/15 - 15:55:33] Xe ID 327 tao ra trong DV Slot 183
[2015/5/15 - 15:55:33] Co gang de tao DV Slot ID 184
[2015/5/15 - 15:55:33] Co gang de tao DV Slot ID 185
[2015/5/15 - 15:55:33] Xe ID 328 tao ra trong DV Slot 185
[2015/5/15 - 15:55:33] Co gang de tao DV Slot ID 186
[2015/5/15 - 15:55:33] Xe ID 329 tao ra trong DV Slot 186
[2015/5/15 - 15:55:33] Co gang de tao DV Slot ID 187
[2015/5/15 - 15:55:33] Xe ID 330 tao ra trong DV Slot 187
[2015/5/15 - 15:55:33] Co gang de tao DV Slot ID 188
[2015/5/15 - 15:55:33] Xe ID 331 tao ra trong DV Slot 188
[2015/5/15 - 15:55:33] Co gang de tao DV Slot ID 189
[2015/5/15 - 15:55:33] Xe ID 332 tao ra trong DV Slot 189
[2015/5/15 - 15:55:33] Co gang de tao DV Slot ID 190
[2015/5/15 - 15:55:33] Xe ID 333 tao ra trong DV Slot 190
[2015/5/15 - 15:55:33] Co gang de tao DV Slot ID 191
[2015/5/15 - 15:55:33] Xe ID 334 tao ra trong DV Slot 191
[2015/5/15 - 15:55:33] Co gang de tao DV Slot ID 192
[2015/5/15 - 15:55:33] Xe ID 335 tao ra trong DV Slot 192
[2015/5/15 - 15:55:33] Co gang de tao DV Slot ID 193
[2015/5/15 - 15:55:33] Co gang de tao DV Slot ID 194
[2015/5/15 - 15:55:33] Co gang de tao DV Slot ID 195
[2015/5/15 - 15:55:33] Xe ID 336 tao ra trong DV Slot 195
[2015/5/15 - 15:55:33] Co gang de tao DV Slot ID 196
[2015/5/15 - 15:55:33] Xe ID 337 tao ra trong DV Slot 196
[2015/5/15 - 15:55:33] Co gang de tao DV Slot ID 197
[2015/5/15 - 15:55:33] Xe ID 338 tao ra trong DV Slot 197
[2015/5/15 - 15:55:33] Co gang de tao DV Slot ID 198
[2015/5/15 - 15:55:33] Co gang de tao DV Slot ID 199
[2015/5/15 - 15:55:33] Xe ID 339 tao ra trong DV Slot 199
[2015/5/15 - 15:55:33] Co gang de tao DV Slot ID 200
[2015/5/15 - 15:55:33] Xe ID 340 tao ra trong DV Slot 200
[2015/5/15 - 15:55:33] Co gang de tao DV Slot ID 201
[2015/5/15 - 15:55:33] Xe ID 341 tao ra trong DV Slot 201
[2015/5/15 - 15:55:33] Co gang de tao DV Slot ID 202
[2015/5/15 - 15:55:33] Xe ID 342 tao ra trong DV Slot 202
[2015/5/15 - 15:55:33] Co gang de tao DV Slot ID 203
[2015/5/15 - 15:55:33] Khong hop le Vehicle Model ID cho DV Slot 203
[2015/5/15 - 15:55:33] Co gang de tao DV Slot ID 204
[2015/5/15 - 15:55:33] Xe ID 343 tao ra trong DV Slot 204
[2015/5/15 - 15:55:33] Co gang de tao DV Slot ID 205
[2015/5/15 - 15:55:33] Xe ID 344 tao ra trong DV Slot 205
[2015/5/15 - 15:55:33] Co gang de tao DV Slot ID 206
[2015/5/15 - 15:55:33] Co gang de tao DV Slot ID 207
[2015/5/15 - 15:55:33] Co gang de tao DV Slot ID 208
[2015/5/15 - 15:55:33] Co gang de tao DV Slot ID 209
[2015/5/15 - 15:55:33] Khong hop le Vehicle Model ID cho DV Slot 209
[2015/5/15 - 15:55:33] Co gang de tao DV Slot ID 210
[2015/5/15 - 15:55:33] Co gang de tao DV Slot ID 211
[2015/5/15 - 15:55:33] Co gang de tao DV Slot ID 212
[2015/5/15 - 15:55:33] Co gang de tao DV Slot ID 213
[2015/5/15 - 15:55:33] Co gang de tao DV Slot ID 214
[2015/5/15 - 15:55:33] Xe ID 345 tao ra trong DV Slot 214
[2015/5/15 - 15:55:33] Co gang de tao DV Slot ID 215
[2015/5/15 - 15:55:33] Co gang de tao DV Slot ID 216
[2015/5/15 - 15:55:33] Co gang de tao DV Slot ID 217
[2015/5/15 - 15:55:33] Co gang de tao DV Slot ID 218
[2015/5/15 - 15:55:33] Co gang de tao DV Slot ID 219
[2015/5/15 - 15:55:33] Xe ID 346 tao ra trong DV Slot 219
[2015/5/15 - 15:55:33] Co gang de tao DV Slot ID 220
[2015/5/15 - 15:55:33] Co gang de tao DV Slot ID 221
[2015/5/15 - 15:55:33] Co gang de tao DV Slot ID 222
[2015/5/15 - 15:55:33] Xe ID 347 tao ra trong DV Slot 222
[2015/5/15 - 15:55:33] Co gang de tao DV Slot ID 223
[2015/5/15 - 15:55:33] Co gang de tao DV Slot ID 224
[2015/5/15 - 15:55:33] Xe ID 348 tao ra trong DV Slot 224
[2015/5/15 - 15:55:33] Co gang de tao DV Slot ID 225
[2015/5/15 - 15:55:33] Co gang de tao DV Slot ID 226
[2015/5/15 - 15:55:33] Xe ID 349 tao ra trong DV Slot 226
[2015/5/15 - 15:55:33] Co gang de tao DV Slot ID 227
[2015/5/15 - 15:55:33] Xe ID 350 tao ra trong DV Slot 227
[2015/5/15 - 15:55:33] Co gang de tao DV Slot ID 228
[2015/5/15 - 15:55:33] Co gang de tao DV Slot ID 229
[2015/5/15 - 15:55:33] Xe ID 351 tao ra trong DV Slot 229
[2015/5/15 - 15:55:33] Co gang de tao DV Slot ID 230
[2015/5/15 - 15:55:33] Co gang de tao DV Slot ID 231
[2015/5/15 - 15:55:33] Co gang de tao DV Slot ID 232
[2015/5/15 - 15:55:33] Co gang de tao DV Slot ID 233
[2015/5/15 - 15:55:33] Co gang de tao DV Slot ID 234
[2015/5/15 - 15:55:33] Co gang de tao DV Slot ID 235
[2015/5/15 - 15:55:33] Co gang de tao DV Slot ID 236
[2015/5/15 - 15:55:33] Xe ID 352 tao ra trong DV Slot 236
[2015/5/15 - 15:55:33] Co gang de tao DV Slot ID 237
[2015/5/15 - 15:55:33] Xe ID 353 tao ra trong DV Slot 237
[2015/5/15 - 15:55:33] Co gang de tao DV Slot ID 238
[2015/5/15 - 15:55:33] Xe ID 354 tao ra trong DV Slot 238
[2015/5/15 - 15:55:33] Co gang de tao DV Slot ID 239
[2015/5/15 - 15:55:33] Co gang de tao DV Slot ID 240
[2015/5/15 - 15:55:33] Co gang de tao DV Slot ID 241
[2015/5/15 - 15:55:33] Co gang de tao DV Slot ID 242
[2015/5/15 - 15:55:33] Co gang de tao DV Slot ID 243
[2015/5/15 - 15:55:33] Co gang de tao DV Slot ID 244
[2015/5/15 - 15:55:33] Co gang de tao DV Slot ID 245
[2015/5/15 - 15:55:33] Co gang de tao DV Slot ID 246
[2015/5/15 - 15:55:33] Co gang de tao DV Slot ID 247
[2015/5/15 - 15:55:33] Co gang de tao DV Slot ID 248
[2015/5/15 - 15:55:33] Co gang de tao DV Slot ID 249
[2015/5/15 - 15:55:33] Co gang de tao DV Slot ID 250
[2015/5/15 - 15:55:33] Co gang de tao DV Slot ID 251
[2015/5/15 - 15:55:33] Co gang de tao DV Slot ID 252
[2015/5/15 - 15:55:33] Co gang de tao DV Slot ID 253
[2015/5/15 - 15:55:33] Co gang de tao DV Slot ID 254
[2015/5/15 - 15:55:33] Xe ID 355 tao ra trong DV Slot 254
[2015/5/15 - 15:55:33] Co gang de tao DV Slot ID 255
[2015/5/15 - 15:55:33] Co gang de tao DV Slot ID 256
[2015/5/15 - 15:55:33] Xe ID 356 tao ra trong DV Slot 256
[2015/5/15 - 15:55:33] Co gang de tao DV Slot ID 257
[2015/5/15 - 15:55:33] Co gang de tao DV Slot ID 258
[2015/5/15 - 15:55:33] Co gang de tao DV Slot ID 259
[2015/5/15 - 15:55:33] Xe ID 357 tao ra trong DV Slot 259
[2015/5/15 - 15:55:33] Co gang de tao DV Slot ID 260
[2015/5/15 - 15:55:33] Co gang de tao DV Slot ID 261
[2015/5/15 - 15:55:33] Co gang de tao DV Slot ID 262
[2015/5/15 - 15:55:33] Xe ID 358 tao ra trong DV Slot 262
[2015/5/15 - 15:55:33] Co gang de tao DV Slot ID 263
[2015/5/15 - 15:55:33] Xe ID 359 tao ra trong DV Slot 263
[2015/5/15 - 15:55:33] Co gang de tao DV Slot ID 264
[2015/5/15 - 15:55:33] Xe ID 360 tao ra trong DV Slot 264
[2015/5/15 - 15:55:33] Co gang de tao DV Slot ID 265
[2015/5/15 - 15:55:33] Xe ID 361 tao ra trong DV Slot 265
[2015/5/15 - 15:55:33] Co gang de tao DV Slot ID 266
[2015/5/15 - 15:55:33] Xe ID 362 tao ra trong DV Slot 266
[2015/5/15 - 15:55:33] Co gang de tao DV Slot ID 267
[2015/5/15 - 15:55:33] Co gang de tao DV Slot ID 268
[2015/5/15 - 15:55:33] Co gang de tao DV Slot ID 269
[2015/5/15 - 15:55:33] Co gang de tao DV Slot ID 270
[2015/5/15 - 15:55:33] Co gang de tao DV Slot ID 271
[2015/5/15 - 15:55:33] Xe ID 363 tao ra trong DV Slot 271
[2015/5/15 - 15:55:33] Co gang de tao DV Slot ID 272
[2015/5/15 - 15:55:33] Co gang de tao DV Slot ID 273
[2015/5/15 - 15:55:33] Co gang de tao DV Slot ID 274
[2015/5/15 - 15:55:33] Co gang de tao DV Slot ID 275
[2015/5/15 - 15:55:33] Xe ID 364 tao ra trong DV Slot 275
[2015/5/15 - 15:55:33] Co gang de tao DV Slot ID 276
[2015/5/15 - 15:55:33] Khong hop le Vehicle Model ID cho DV Slot 276
[2015/5/15 - 15:55:33] Co gang de tao DV Slot ID 277
[2015/5/15 - 15:55:33] Xe ID 365 tao ra trong DV Slot 277
[2015/5/15 - 15:55:33] Co gang de tao DV Slot ID 278
[2015/5/15 - 15:55:33] Xe ID 366 tao ra trong DV Slot 278
[2015/5/15 - 15:55:33] Co gang de tao DV Slot ID 279
[2015/5/15 - 15:55:33] Xe ID 367 tao ra trong DV Slot 279
[2015/5/15 - 15:55:33] Co gang de tao DV Slot ID 280
[2015/5/15 - 15:55:33] Xe ID 368 tao ra trong DV Slot 280
[2015/5/15 - 15:55:33] Co gang de tao DV Slot ID 281
[2015/5/15 - 15:55:33] Xe ID 369 tao ra trong DV Slot 281
[2015/5/15 - 15:55:33] Co gang de tao DV Slot ID 282
[2015/5/15 - 15:55:33] Xe ID 370 tao ra trong DV Slot 282
[2015/5/15 - 15:55:33] Co gang de tao DV Slot ID 283
[2015/5/15 - 15:55:33] Xe ID 371 tao ra trong DV Slot 283
[2015/5/15 - 15:55:33] Co gang de tao DV Slot ID 284
[2015/5/15 - 15:55:33] Co gang de tao DV Slot ID 285
[2015/5/15 - 15:55:33] Co gang de tao DV Slot ID 286
[2015/5/15 - 15:55:33] Xe ID 372 tao ra trong DV Slot 286
[2015/5/15 - 15:55:33] Co gang de tao DV Slot ID 287
[2015/5/15 - 15:55:33] Co gang de tao DV Slot ID 288
[2015/5/15 - 15:55:33] Xe ID 373 tao ra trong DV Slot 288
[2015/5/15 - 15:55:33] Co gang de tao DV Slot ID 289
[2015/5/15 - 15:55:33] Co gang de tao DV Slot ID 290
[2015/5/15 - 15:55:33] Xe ID 374 tao ra trong DV Slot 290
[2015/5/15 - 15:55:33] Co gang de tao DV Slot ID 291
[2015/5/15 - 15:55:33] Xe ID 375 tao ra trong DV Slot 291
[2015/5/15 - 15:55:33] Co gang de tao DV Slot ID 293
[2015/5/15 - 15:55:33] Xe ID 376 tao ra trong DV Slot 293
[2015/5/15 - 15:55:33] Co gang de tao DV Slot ID 294
[2015/5/15 - 15:55:33] Co gang de tao DV Slot ID 295
[2015/5/15 - 15:55:33] Co gang de tao DV Slot ID 296
[2015/5/15 - 15:55:33] Co gang de tao DV Slot ID 297
[2015/5/15 - 15:55:33] Xe ID 377 tao ra trong DV Slot 297
[2015/5/15 - 15:55:33] Co gang de tao DV Slot ID 298
[2015/5/15 - 15:55:33] Co gang de tao DV Slot ID 299
[2015/5/15 - 15:55:33] Xe ID 378 tao ra trong DV Slot 299
[2015/5/15 - 15:55:33] Co gang de tao DV Slot ID 300
[2015/5/15 - 15:55:33] Xe ID 379 tao ra trong DV Slot 300
[2015/5/15 - 15:55:33] Co gang de tao DV Slot ID 301
[2015/5/15 - 15:55:33] Co gang de tao DV Slot ID 302
[2015/5/15 - 15:55:33] Xe ID 380 tao ra trong DV Slot 302
[2015/5/15 - 15:55:33] Co gang de tao DV Slot ID 303
[2015/5/15 - 15:55:33] Xe ID 381 tao ra trong DV Slot 303
[2015/5/15 - 15:55:33] Co gang de tao DV Slot ID 304
[2015/5/15 - 15:55:33] Xe ID 382 tao ra trong DV Slot 304
[2015/5/15 - 15:55:33] Co gang de tao DV Slot ID 306
[2015/5/15 - 15:55:33] Xe ID 383 tao ra trong DV Slot 306
[2015/5/15 - 15:55:33] Co gang de tao DV Slot ID 307
[2015/5/15 - 15:55:33] Xe ID 384 tao ra trong DV Slot 307
[2015/5/15 - 15:55:33] Co gang de tao DV Slot ID 308
[2015/5/15 - 15:55:33] Co gang de tao DV Slot ID 309
[2015/5/15 - 15:55:33] Xe ID 385 tao ra trong DV Slot 309
[2015/5/15 - 15:55:33] Co gang de tao DV Slot ID 310
[2015/5/15 - 15:55:33] Xe ID 386 tao ra trong DV Slot 310
[2015/5/15 - 15:55:33] Co gang de tao DV Slot ID 311
[2015/5/15 - 15:55:33] Khong hop le Vehicle Model ID cho DV Slot 311
[2015/5/15 - 15:55:33] Co gang de tao DV Slot ID 312
[2015/5/15 - 15:55:33] Co gang de tao DV Slot ID 314
[2015/5/15 - 15:55:33] Co gang de tao DV Slot ID 315
[2015/5/15 - 15:55:33] Xe ID 387 tao ra trong DV Slot 315
[2015/5/15 - 15:55:33] Co gang de tao DV Slot ID 317
[2015/5/15 - 15:55:33] Xe ID 388 tao ra trong DV Slot 317
[2015/5/15 - 15:55:33] Co gang de tao DV Slot ID 321
[2015/5/15 - 15:55:33] Co gang de tao DV Slot ID 322
[2015/5/15 - 15:55:33] Xe ID 389 tao ra trong DV Slot 322
[2015/5/15 - 15:55:33] Co gang de tao DV Slot ID 323
[2015/5/15 - 15:55:33] Co gang de tao DV Slot ID 324
[2015/5/15 - 15:55:33] Co gang de tao DV Slot ID 325
[2015/5/15 - 15:55:33] Xe ID 390 tao ra trong DV Slot 325
[2015/5/15 - 15:55:33] Co gang de tao DV Slot ID 326
[2015/5/15 - 15:55:33] Co gang de tao DV Slot ID 327
[2015/5/15 - 15:55:33] Khong hop le Vehicle Model ID cho DV Slot 327
[2015/5/15 - 15:55:33] Co gang de tao DV Slot ID 328
[2015/5/15 - 15:55:33] Xe ID 391 tao ra trong DV Slot 328
[2015/5/15 - 15:55:33] Co gang de tao DV Slot ID 329
[2015/5/15 - 15:55:33] Xe ID 392 tao ra trong DV Slot 329
[2015/5/15 - 15:55:33] Co gang de tao DV Slot ID 330
[2015/5/15 - 15:55:33] Co gang de tao DV Slot ID 331
[2015/5/15 - 15:55:33] Xe ID 393 tao ra trong DV Slot 331
[2015/5/15 - 15:55:33] Co gang de tao DV Slot ID 332
[2015/5/15 - 15:55:33] Co gang de tao DV Slot ID 333
[2015/5/15 - 15:55:33] Co gang de tao DV Slot ID 334
[2015/5/15 - 15:55:33] Co gang de tao DV Slot ID 335
[2015/5/15 - 15:55:33] Xe ID 394 tao ra trong DV Slot 335
[2015/5/15 - 15:55:33] Co gang de tao DV Slot ID 336
[2015/5/15 - 15:55:33] Xe ID 395 tao ra trong DV Slot 336
[2015/5/15 - 15:55:33] Co gang de tao DV Slot ID 337
[2015/5/15 - 15:55:33] Co gang de tao DV Slot ID 338
[2015/5/15 - 15:55:33] Xe ID 396 tao ra trong DV Slot 338
[2015/5/15 - 15:55:33] Co gang de tao DV Slot ID 339
[2015/5/15 - 15:55:33] Xe ID 397 tao ra trong DV Slot 339
[2015/5/15 - 15:55:33] Co gang de tao DV Slot ID 340
[2015/5/15 - 15:55:33] Xe ID 398 tao ra trong DV Slot 340
[2015/5/15 - 15:55:33] Co gang de tao DV Slot ID 341
[2015/5/15 - 15:55:33] Xe ID 399 tao ra trong DV Slot 341
[2015/5/15 - 15:55:33] Co gang de tao DV Slot ID 342
[2015/5/15 - 15:55:33] Xe ID 400 tao ra trong DV Slot 342
[2015/5/15 - 15:55:33] Co gang de tao DV Slot ID 343
[2015/5/15 - 15:55:33] Xe ID 401 tao ra trong DV Slot 343
[2015/5/15 - 15:55:33] Co gang de tao DV Slot ID 344
[2015/5/15 - 15:55:33] Xe ID 402 tao ra trong DV Slot 344
[2015/5/15 - 15:55:33] Co gang de tao DV Slot ID 345
[2015/5/15 - 15:55:33] Xe ID 403 tao ra trong DV Slot 345
[2015/5/15 - 15:55:33] Co gang de tao DV Slot ID 346
[2015/5/15 - 15:55:33] Xe ID 404 tao ra trong DV Slot 346
[2015/5/15 - 15:55:33] Co gang de tao DV Slot ID 347
[2015/5/15 - 15:55:33] Xe ID 405 tao ra trong DV Slot 347
[2015/5/15 - 15:55:33] Co gang de tao DV Slot ID 348
[2015/5/15 - 15:55:33] Xe ID 406 tao ra trong DV Slot 348
[2015/5/15 - 15:55:33] Co gang de tao DV Slot ID 350
[2015/5/15 - 15:55:33] Xe ID 407 tao ra trong DV Slot 350
[2015/5/15 - 15:55:33] Co gang de tao DV Slot ID 351
[2015/5/15 - 15:55:33] Xe ID 408 tao ra trong DV Slot 351
[2015/5/15 - 15:55:33] Co gang de tao DV Slot ID 352
[2015/5/15 - 15:55:33] Xe ID 409 tao ra trong DV Slot 352
[2015/5/15 - 15:55:33] Co gang de tao DV Slot ID 353
[2015/5/15 - 15:55:33] Xe ID 410 tao ra trong DV Slot 353
[2015/5/15 - 15:55:33] Co gang de tao DV Slot ID 354
[2015/5/15 - 15:55:33] Xe ID 411 tao ra trong DV Slot 354
[2015/5/15 - 15:55:33] Co gang de tao DV Slot ID 355
[2015/5/15 - 15:55:33] Xe ID 412 tao ra trong DV Slot 355
[2015/5/15 - 15:55:33] Co gang de tao DV Slot ID 356
[2015/5/15 - 15:55:33] Xe ID 413 tao ra trong DV Slot 356
[2015/5/15 - 15:55:33] Co gang de tao DV Slot ID 357
[2015/5/15 - 15:55:33] Xe ID 414 tao ra trong DV Slot 357
[2015/5/15 - 15:55:33] Co gang de tao DV Slot ID 358
[2015/5/15 - 15:55:33] Xe ID 415 tao ra trong DV Slot 358
[2015/5/15 - 15:55:33] Co gang de tao DV Slot ID 359
[2015/5/15 - 15:55:33] Xe ID 416 tao ra trong DV Slot 359
[2015/5/15 - 15:55:33] Co gang de tao DV Slot ID 360
[2015/5/15 - 15:55:33] Khong hop le Vehicle Model ID cho DV Slot 360
[2015/5/15 - 15:55:33] Co gang de tao DV Slot ID 361
[2015/5/15 - 15:55:33] Khong hop le Vehicle Model ID cho DV Slot 361
[2015/5/15 - 15:55:33] Co gang de tao DV Slot ID 362
[2015/5/15 - 15:55:33] Co gang de tao DV Slot ID 363
[2015/5/15 - 15:55:33] Xe ID 417 tao ra trong DV Slot 363
[2015/5/15 - 15:55:33] Co gang de tao DV Slot ID 364
[2015/5/15 - 15:55:33] Co gang de tao DV Slot ID 365
[2015/5/15 - 15:55:33] Co gang de tao DV Slot ID 366
[2015/5/15 - 15:55:33] Xe ID 418 tao ra trong DV Slot 366
[2015/5/15 - 15:55:33] Co gang de tao DV Slot ID 368
[2015/5/15 - 15:55:33] Xe ID 419 tao ra trong DV Slot 368
[2015/5/15 - 15:55:33] Co gang de tao DV Slot ID 369
[2015/5/15 - 15:55:33] Khong hop le Vehicle Model ID cho DV Slot 369
[2015/5/15 - 15:55:33] Co gang de tao DV Slot ID 370
[2015/5/15 - 15:55:33] Xe ID 420 tao ra trong DV Slot 370
[2015/5/15 - 15:55:33] Co gang de tao DV Slot ID 371
[2015/5/15 - 15:55:33] Xe ID 421 tao ra trong DV Slot 371
[2015/5/15 - 15:55:33] Co gang de tao DV Slot ID 372
[2015/5/15 - 15:55:33] Co gang de tao DV Slot ID 373
[2015/5/15 - 15:55:33] Co gang de tao DV Slot ID 374
[2015/5/15 - 15:55:33] Co gang de tao DV Slot ID 375
[2015/5/15 - 15:55:33] Co gang de tao DV Slot ID 376
[2015/5/15 - 15:55:33] Co gang de tao DV Slot ID 378
[2015/5/15 - 15:55:33] Co gang de tao DV Slot ID 379
[2015/5/15 - 15:55:33] Xe ID 422 tao ra trong DV Slot 379
[2015/5/15 - 15:55:33] Co gang de tao DV Slot ID 380
[2015/5/15 - 15:55:33] Xe ID 423 tao ra trong DV Slot 380
[2015/5/15 - 15:55:33] Co gang de tao DV Slot ID 381
[2015/5/15 - 15:55:33] Xe ID 424 tao ra trong DV Slot 381
[2015/5/15 - 15:55:33] Co gang de tao DV Slot ID 388
[2015/5/15 - 15:55:33] Xe ID 425 tao ra trong DV Slot 388
[2015/5/15 - 15:55:33] Co gang de tao DV Slot ID 394
[2015/5/15 - 15:55:33] Co gang de tao DV Slot ID 395
[2015/5/15 - 15:55:33] Xe ID 426 tao ra trong DV Slot 395
[2015/5/15 - 15:55:33] Co gang de tao DV Slot ID 397
[2015/5/15 - 15:55:33] Co gang de tao DV Slot ID 400
[2015/5/15 - 15:55:33] Co gang de tao DV Slot ID 403
[2015/5/15 - 15:55:33] Khong hop le Vehicle Model ID cho DV Slot 403
[2015/5/15 - 15:55:33] Co gang de tao DV Slot ID 404
[2015/5/15 - 15:55:33] Khong hop le Vehicle Model ID cho DV Slot 404
[2015/5/15 - 15:55:33] Co gang de tao DV Slot ID 405
[2015/5/15 - 15:55:33] Khong hop le Vehicle Model ID cho DV Slot 405
[2015/5/15 - 15:55:33] Co gang de tao DV Slot ID 406
[2015/5/15 - 15:55:33] Khong hop le Vehicle Model ID cho DV Slot 406
[2015/5/15 - 15:55:33] Co gang de tao DV Slot ID 410
[2015/5/15 - 15:55:33] Khong hop le Vehicle Model ID cho DV Slot 410
[2015/5/15 - 15:55:33] Co gang de tao DV Slot ID 411
[2015/5/15 - 15:55:33] Khong hop le Vehicle Model ID cho DV Slot 411
[2015/5/15 - 15:55:33] Co gang de tao DV Slot ID 412
[2015/5/15 - 15:55:33] Khong hop le Vehicle Model ID cho DV Slot 412
[2015/5/15 - 15:55:33] Co gang de tao DV Slot ID 413
[2015/5/15 - 15:55:33] Xe ID 427 tao ra trong DV Slot 413
[2015/5/15 - 15:55:33] Co gang de tao DV Slot ID 416
[2015/5/15 - 15:55:33] Xe ID 428 tao ra trong DV Slot 416
[2015/5/15 - 15:55:33] Co gang de tao DV Slot ID 418
[2015/5/15 - 15:55:33] Khong hop le Vehicle Model ID cho DV Slot 418
[2015/5/15 - 15:55:33] Co gang de tao DV Slot ID 420
[2015/5/15 - 15:55:33] Khong hop le Vehicle Model ID cho DV Slot 420
[2015/5/15 - 15:55:33] Co gang de tao DV Slot ID 423
[2015/5/15 - 15:55:33] Xe ID 429 tao ra trong DV Slot 423
[2015/5/15 - 15:55:33] Co gang de tao DV Slot ID 429
[2015/5/15 - 15:55:33] Khong hop le Vehicle Model ID cho DV Slot 429
[2015/5/15 - 15:55:33] Co gang de tao DV Slot ID 432
[2015/5/15 - 15:55:33] Co gang de tao DV Slot ID 433
[2015/5/15 - 15:55:33] Co gang de tao DV Slot ID 434
[2015/5/15 - 15:55:33] Co gang de tao DV Slot ID 442
[2015/5/15 - 15:55:33] Khong hop le Vehicle Model ID cho DV Slot 442
[2015/5/15 - 15:55:33] Co gang de tao DV Slot ID 449
[2015/5/15 - 15:55:33] Khong hop le Vehicle Model ID cho DV Slot 449
[2015/5/15 - 15:55:33] Co gang de tao DV Slot ID 450
[2015/5/15 - 15:55:33] Khong hop le Vehicle Model ID cho DV Slot 450
[2015/5/15 - 15:55:33] Co gang de tao DV Slot ID 451
[2015/5/15 - 15:55:33] Xe ID 430 tao ra trong DV Slot 451
[2015/5/15 - 15:55:33] Co gang de tao DV Slot ID 452
[2015/5/15 - 15:55:33] Khong hop le Vehicle Model ID cho DV Slot 452
[2015/5/15 - 15:55:33] Co gang de tao DV Slot ID 454
[2015/5/15 - 15:55:33] Co gang de tao DV Slot ID 455
[2015/5/15 - 15:55:33] Xe ID 431 tao ra trong DV Slot 455
[2015/5/15 - 15:55:33] Co gang de tao DV Slot ID 456
[2015/5/15 - 15:55:33] Co gang de tao DV Slot ID 457
[2015/5/15 - 15:55:33] Khong hop le Vehicle Model ID cho DV Slot 457
[2015/5/15 - 15:55:33] Co gang de tao DV Slot ID 459
[2015/5/15 - 15:55:33] Khong hop le Vehicle Model ID cho DV Slot 459
[2015/5/15 - 15:55:33] Co gang de tao DV Slot ID 461
[2015/5/15 - 15:55:33] Khong hop le Vehicle Model ID cho DV Slot 461
[2015/5/15 - 15:55:33] Co gang de tao DV Slot ID 462
[2015/5/15 - 15:55:33] Khong hop le Vehicle Model ID cho DV Slot 462
[2015/5/15 - 15:55:33] Co gang de tao DV Slot ID 463
[2015/5/15 - 15:55:33] Khong hop le Vehicle Model ID cho DV Slot 463
[2015/5/15 - 15:55:33] Co gang de tao DV Slot ID 464
[2015/5/15 - 15:55:33] Khong hop le Vehicle Model ID cho DV Slot 464
[2015/5/15 - 15:55:33] Co gang de tao DV Slot ID 465
[2015/5/15 - 15:55:33] Khong hop le Vehicle Model ID cho DV Slot 465
[2015/5/15 - 15:55:33] Co gang de tao DV Slot ID 467
[2015/5/15 - 15:55:33] Khong hop le Vehicle Model ID cho DV Slot 467
[2015/5/15 - 15:55:33] Co gang de tao DV Slot ID 468
[2015/5/15 - 15:55:33] Khong hop le Vehicle Model ID cho DV Slot 468
[2015/5/15 - 15:55:33] Co gang de tao DV Slot ID 470
[2015/5/15 - 15:55:33] Khong hop le Vehicle Model ID cho DV Slot 470
[2015/5/15 - 15:55:33] Co gang de tao DV Slot ID 472
[2015/5/15 - 15:55:33] Khong hop le Vehicle Model ID cho DV Slot 472
[2015/5/15 - 15:55:33] Co gang de tao DV Slot ID 473
[2015/5/15 - 15:55:33] Xe ID 432 tao ra trong DV Slot 473
[2015/5/15 - 15:55:33] Co gang de tao DV Slot ID 474
[2015/5/15 - 15:55:33] Xe ID 433 tao ra trong DV Slot 474
[2015/5/15 - 15:55:33] Co gang de tao DV Slot ID 476
[2015/5/15 - 15:55:33] Xe ID 434 tao ra trong DV Slot 476
[2015/5/15 - 15:55:33] Co gang de tao DV Slot ID 477
[2015/5/15 - 15:55:33] Khong hop le Vehicle Model ID cho DV Slot 477
[2015/5/15 - 15:55:33] Co gang de tao DV Slot ID 480
[2015/5/15 - 15:55:33] Khong hop le Vehicle Model ID cho DV Slot 480
[2015/5/15 - 15:55:33] Co gang de tao DV Slot ID 482
[2015/5/15 - 15:55:33] Xe ID 435 tao ra trong DV Slot 482
[2015/5/15 - 15:55:33] Co gang de tao DV Slot ID 483
[2015/5/15 - 15:55:33] Khong hop le Vehicle Model ID cho DV Slot 483
[2015/5/15 - 15:55:33] Co gang de tao DV Slot ID 484
[2015/5/15 - 15:55:33] Xe ID 436 tao ra trong DV Slot 484
[2015/5/15 - 15:55:33] Co gang de tao DV Slot ID 486
[2015/5/15 - 15:55:33] Khong hop le Vehicle Model ID cho DV Slot 486
[2015/5/15 - 15:55:33] Co gang de tao DV Slot ID 487
[2015/5/15 - 15:55:33] Co gang de tao DV Slot ID 488
[2015/5/15 - 15:55:33] Co gang de tao DV Slot ID 489
[2015/5/15 - 15:55:33] Khong hop le Vehicle Model ID cho DV Slot 489
[2015/5/15 - 15:55:33] Co gang de tao DV Slot ID 492
[2015/5/15 - 15:55:33] Co gang de tao DV Slot ID 494
[2015/5/15 - 15:55:33] Co gang de tao DV Slot ID 495
[2015/5/15 - 15:55:33] Co gang de tao DV Slot ID 497
[2015/5/15 - 15:55:33] Xe ID 437 tao ra trong DV Slot 497
[2015/5/15 - 15:55:33] Co gang de tao DV Slot ID 500
[2015/5/15 - 15:55:33] Co gang de tao DV Slot ID 509
[2015/5/15 - 15:55:33] Khong hop le Vehicle Model ID cho DV Slot 509
[2015/5/15 - 15:55:33] Co gang de tao DV Slot ID 511
[2015/5/15 - 15:55:33] Xe ID 438 tao ra trong DV Slot 511
[2015/5/15 - 15:55:33] Co gang de tao DV Slot ID 513
[2015/5/15 - 15:55:33] Khong hop le Vehicle Model ID cho DV Slot 513
[2015/5/15 - 15:55:33] Co gang de tao DV Slot ID 515
[2015/5/15 - 15:55:33] Xe ID 439 tao ra trong DV Slot 515
[2015/5/15 - 15:55:33] Co gang de tao DV Slot ID 516
[2015/5/15 - 15:55:33] Xe ID 440 tao ra trong DV Slot 516
[2015/5/15 - 15:55:33] Co gang de tao DV Slot ID 517
[2015/5/15 - 15:55:33] Xe ID 441 tao ra trong DV Slot 517
[2015/5/15 - 15:55:33] Co gang de tao DV Slot ID 518
[2015/5/15 - 15:55:33] Khong hop le Vehicle Model ID cho DV Slot 518
[2015/5/15 - 15:55:33] Co gang de tao DV Slot ID 519
[2015/5/15 - 15:55:33] Khong hop le Vehicle Model ID cho DV Slot 519
[2015/5/15 - 15:55:33] Co gang de tao DV Slot ID 521
[2015/5/15 - 15:55:33] Co gang de tao DV Slot ID 522
[2015/5/15 - 15:55:33] Khong hop le Vehicle Model ID cho DV Slot 522
[2015/5/15 - 15:55:33] Co gang de tao DV Slot ID 530
[2015/5/15 - 15:55:33] Khong hop le Vehicle Model ID cho DV Slot 530
[2015/5/15 - 15:55:33] Co gang de tao DV Slot ID 531
[2015/5/15 - 15:55:33] Khong hop le Vehicle Model ID cho DV Slot 531
[2015/5/15 - 15:55:33] Co gang de tao DV Slot ID 533
[2015/5/15 - 15:55:33] Khong hop le Vehicle Model ID cho DV Slot 533
[2015/5/15 - 15:55:33] Co gang de tao DV Slot ID 536
[2015/5/15 - 15:55:33] Khong hop le Vehicle Model ID cho DV Slot 536
[2015/5/15 - 15:55:33] Co gang de tao DV Slot ID 537
[2015/5/15 - 15:55:33] Khong hop le Vehicle Model ID cho DV Slot 537
[2015/5/15 - 15:55:33] Co gang de tao DV Slot ID 538
[2015/5/15 - 15:55:33] Co gang de tao DV Slot ID 539
[2015/5/15 - 15:55:33] Khong hop le Vehicle Model ID cho DV Slot 539
[2015/5/15 - 15:55:33] Co gang de tao DV Slot ID 542
[2015/5/15 - 15:55:33] Khong hop le Vehicle Model ID cho DV Slot 542
[2015/5/15 - 15:55:33] Co gang de tao DV Slot ID 546
[2015/5/15 - 15:55:33] Xe ID 442 tao ra trong DV Slot 546
[2015/5/15 - 15:55:33] Co gang de tao DV Slot ID 548
[2015/5/15 - 15:55:33] Xe ID 443 tao ra trong DV Slot 548
[2015/5/15 - 15:55:33] Co gang de tao DV Slot ID 551
[2015/5/15 - 15:55:33] Xe ID 444 tao ra trong DV Slot 551
[2015/5/15 - 15:55:33] Co gang de tao DV Slot ID 557
[2015/5/15 - 15:55:33] Khong hop le Vehicle Model ID cho DV Slot 557
[2015/5/15 - 15:55:33] Co gang de tao DV Slot ID 558
[2015/5/15 - 15:55:33] Khong hop le Vehicle Model ID cho DV Slot 558
[2015/5/15 - 15:55:33] Co gang de tao DV Slot ID 559
[2015/5/15 - 15:55:33] Khong hop le Vehicle Model ID cho DV Slot 559
[2015/5/15 - 15:55:33] Co gang de tao DV Slot ID 560
[2015/5/15 - 15:55:33] Khong hop le Vehicle Model ID cho DV Slot 560
[2015/5/15 - 15:55:33] Co gang de tao DV Slot ID 563
[2015/5/15 - 15:55:33] Khong hop le Vehicle Model ID cho DV Slot 563
[2015/5/15 - 15:55:33] Co gang de tao DV Slot ID 565
[2015/5/15 - 15:55:33] Xe ID 445 tao ra trong DV Slot 565
[2015/5/15 - 15:55:33] Co gang de tao DV Slot ID 567
[2015/5/15 - 15:55:33] Khong hop le Vehicle Model ID cho DV Slot 567
[2015/5/15 - 15:55:33] Co gang de tao DV Slot ID 568
[2015/5/15 - 15:55:33] Khong hop le Vehicle Model ID cho DV Slot 568
[2015/5/15 - 15:55:33] Co gang de tao DV Slot ID 575
[2015/5/15 - 15:55:33] Xe ID 446 tao ra trong DV Slot 575
[2015/5/15 - 15:55:33] Co gang de tao DV Slot ID 579
[2015/5/15 - 15:55:33] Khong hop le Vehicle Model ID cho DV Slot 579
[2015/5/15 - 15:55:33] Co gang de tao DV Slot ID 581
[2015/5/15 - 15:55:33] Khong hop le Vehicle Model ID cho DV Slot 581
[2015/5/15 - 15:55:33] Co gang de tao DV Slot ID 583
[2015/5/15 - 15:55:33] Khong hop le Vehicle Model ID cho DV Slot 583
[2015/5/15 - 15:55:33] Co gang de tao DV Slot ID 585
[2015/5/15 - 15:55:33] Khong hop le Vehicle Model ID cho DV Slot 585
[2015/5/15 - 15:55:33] Co gang de tao DV Slot ID 586
[2015/5/15 - 15:55:33] Khong hop le Vehicle Model ID cho DV Slot 586
[2015/5/15 - 15:55:33] Co gang de tao DV Slot ID 587
[2015/5/15 - 15:55:33] Xe ID 447 tao ra trong DV Slot 587
[2015/5/15 - 15:55:33] Co gang de tao DV Slot ID 599
[2015/5/15 - 15:55:33] Co gang de tao DV Slot ID 601
[2015/5/15 - 15:55:33] Co gang de tao DV Slot ID 604
[2015/5/15 - 15:55:33] Xe ID 448 tao ra trong DV Slot 604
[2015/5/15 - 15:55:33] Co gang de tao DV Slot ID 605
[2015/5/15 - 15:55:33] Khong hop le Vehicle Model ID cho DV Slot 605
[2015/5/15 - 15:55:33] Co gang de tao DV Slot ID 606
[2015/5/15 - 15:55:33] Khong hop le Vehicle Model ID cho DV Slot 606
[2015/5/15 - 15:55:33] Co gang de tao DV Slot ID 607
[2015/5/15 - 15:55:33] Khong hop le Vehicle Model ID cho DV Slot 607
[2015/5/15 - 15:55:33] Co gang de tao DV Slot ID 608
[2015/5/15 - 15:55:33] Khong hop le Vehicle Model ID cho DV Slot 608
[2015/5/15 - 15:55:33] Co gang de tao DV Slot ID 610
[2015/5/15 - 15:55:33] Khong hop le Vehicle Model ID cho DV Slot 610
[2015/5/15 - 15:55:33] Co gang de tao DV Slot ID 612
[2015/5/15 - 15:55:33] Khong hop le Vehicle Model ID cho DV Slot 612
[2015/5/15 - 15:55:33] Co gang de tao DV Slot ID 617
[2015/5/15 - 15:55:33] Xe ID 449 tao ra trong DV Slot 617
[2015/5/15 - 15:55:33] Co gang de tao DV Slot ID 619
[2015/5/15 - 15:55:33] Xe ID 450 tao ra trong DV Slot 619
[2015/5/15 - 15:55:33] Co gang de tao DV Slot ID 620
[2015/5/15 - 15:55:33] Khong hop le Vehicle Model ID cho DV Slot 620
[2015/5/15 - 15:55:33] Co gang de tao DV Slot ID 621
[2015/5/15 - 15:55:33] Xe ID 451 tao ra trong DV Slot 621
[2015/5/15 - 15:55:33] Co gang de tao DV Slot ID 622
[2015/5/15 - 15:55:33] Co gang de tao DV Slot ID 624
[2015/5/15 - 15:55:33] Khong hop le Vehicle Model ID cho DV Slot 624
[2015/5/15 - 15:55:33] Co gang de tao DV Slot ID 625
[2015/5/15 - 15:55:33] Khong hop le Vehicle Model ID cho DV Slot 625
[2015/5/15 - 15:55:33] Co gang de tao DV Slot ID 626
[2015/5/15 - 15:55:33] Khong hop le Vehicle Model ID cho DV Slot 626
[2015/5/15 - 15:55:33] Co gang de tao DV Slot ID 627
[2015/5/15 - 15:55:33] Khong hop le Vehicle Model ID cho DV Slot 627
[2015/5/15 - 15:55:33] Co gang de tao DV Slot ID 628
[2015/5/15 - 15:55:33] Khong hop le Vehicle Model ID cho DV Slot 628
[2015/5/15 - 15:55:33] Co gang de tao DV Slot ID 631
[2015/5/15 - 15:55:33] Khong hop le Vehicle Model ID cho DV Slot 631
[2015/5/15 - 15:55:33] Co gang de tao DV Slot ID 633
[2015/5/15 - 15:55:33] Khong hop le Vehicle Model ID cho DV Slot 633
[2015/5/15 - 15:55:33] Co gang de tao DV Slot ID 639
[2015/5/15 - 15:55:33] Khong hop le Vehicle Model ID cho DV Slot 639
[2015/5/15 - 15:55:33] Co gang de tao DV Slot ID 646
[2015/5/15 - 15:55:33] Xe ID 452 tao ra trong DV Slot 646
[2015/5/15 - 15:55:33] Co gang de tao DV Slot ID 647
[2015/5/15 - 15:55:33] Khong hop le Vehicle Model ID cho DV Slot 647
[2015/5/15 - 15:55:33] Co gang de tao DV Slot ID 648
[2015/5/15 - 15:55:33] Khong hop le Vehicle Model ID cho DV Slot 648
[2015/5/15 - 15:55:33] Co gang de tao DV Slot ID 649
[2015/5/15 - 15:55:33] Khong hop le Vehicle Model ID cho DV Slot 649
[2015/5/15 - 15:55:33] Co gang de tao DV Slot ID 650
[2015/5/15 - 15:55:33] Xe ID 453 tao ra trong DV Slot 650
[2015/5/15 - 15:55:33] Co gang de tao DV Slot ID 651
[2015/5/15 - 15:55:33] Xe ID 454 tao ra trong DV Slot 651
